[debug] [2025-08-15T08:56:04.354Z] ----------------------------------------------------------------------
[debug] [2025-08-15T08:56:04.357Z] Command:       C:\Program Files\nodejs\node.exe C:\Users\lapie\AppData\Roaming\npm\node_modules\firebase-tools\lib\bin\firebase.js deploy --only functions
[debug] [2025-08-15T08:56:04.357Z] CLI Version:   14.12.1
[debug] [2025-08-15T08:56:04.357Z] Platform:      win32
[debug] [2025-08-15T08:56:04.357Z] Node Version:  v22.14.0
[debug] [2025-08-15T08:56:04.357Z] Time:          Fri Aug 15 2025 10:56:04 GMT+0200 (czas środkowoeuropejski letni)
[debug] [2025-08-15T08:56:04.357Z] ----------------------------------------------------------------------
[debug] 
[debug] [2025-08-15T08:56:04.530Z] > command requires scopes: ["email","openid","https://www.googleapis.com/auth/cloudplatformprojects.readonly","https://www.googleapis.com/auth/firebase","https://www.googleapis.com/auth/cloud-platform"]
[debug] [2025-08-15T08:56:04.530Z] > authorizing via signed-in user (lapierzchanowska@gmail.com)
[debug] [2025-08-15T08:56:04.531Z] [iam] checking project thefish-b79aa for permissions ["cloudfunctions.functions.create","cloudfunctions.functions.delete","cloudfunctions.functions.get","cloudfunctions.functions.list","cloudfunctions.functions.update","cloudfunctions.operations.get","firebase.projects.get"]
[debug] [2025-08-15T08:56:04.532Z] Checked if tokens are valid: true, expires at: 1755251340883
[debug] [2025-08-15T08:56:04.532Z] Checked if tokens are valid: true, expires at: 1755251340883
[debug] [2025-08-15T08:56:04.533Z] >>> [apiv2][query] POST https://cloudresourcemanager.googleapis.com/v1/projects/thefish-b79aa:testIamPermissions [none]
[debug] [2025-08-15T08:56:04.533Z] >>> [apiv2][(partial)header] POST https://cloudresourcemanager.googleapis.com/v1/projects/thefish-b79aa:testIamPermissions x-goog-quota-user=projects/thefish-b79aa
[debug] [2025-08-15T08:56:04.533Z] >>> [apiv2][body] POST https://cloudresourcemanager.googleapis.com/v1/projects/thefish-b79aa:testIamPermissions {"permissions":["cloudfunctions.functions.create","cloudfunctions.functions.delete","cloudfunctions.functions.get","cloudfunctions.functions.list","cloudfunctions.functions.update","cloudfunctions.operations.get","firebase.projects.get"]}
[debug] [2025-08-15T08:56:05.348Z] <<< [apiv2][status] POST https://cloudresourcemanager.googleapis.com/v1/projects/thefish-b79aa:testIamPermissions 200
[debug] [2025-08-15T08:56:05.348Z] <<< [apiv2][body] POST https://cloudresourcemanager.googleapis.com/v1/projects/thefish-b79aa:testIamPermissions {"permissions":["cloudfunctions.functions.create","cloudfunctions.functions.delete","cloudfunctions.functions.get","cloudfunctions.functions.list","cloudfunctions.functions.update","cloudfunctions.operations.get","firebase.projects.get"]}
[debug] [2025-08-15T08:56:05.348Z] Checked if tokens are valid: true, expires at: 1755251340883
[debug] [2025-08-15T08:56:05.349Z] Checked if tokens are valid: true, expires at: 1755251340883
[debug] [2025-08-15T08:56:05.349Z] >>> [apiv2][query] POST https://iam.googleapis.com/v1/projects/thefish-b79aa/serviceAccounts/thefish-b79aa@appspot.gserviceaccount.com:testIamPermissions [none]
[debug] [2025-08-15T08:56:05.349Z] >>> [apiv2][body] POST https://iam.googleapis.com/v1/projects/thefish-b79aa/serviceAccounts/thefish-b79aa@appspot.gserviceaccount.com:testIamPermissions {"permissions":["iam.serviceAccounts.actAs"]}
[debug] [2025-08-15T08:56:06.127Z] <<< [apiv2][status] POST https://iam.googleapis.com/v1/projects/thefish-b79aa/serviceAccounts/thefish-b79aa@appspot.gserviceaccount.com:testIamPermissions 200
[debug] [2025-08-15T08:56:06.127Z] <<< [apiv2][body] POST https://iam.googleapis.com/v1/projects/thefish-b79aa/serviceAccounts/thefish-b79aa@appspot.gserviceaccount.com:testIamPermissions {"permissions":["iam.serviceAccounts.actAs"]}
[info] 
[info] === Deploying to 'thefish-b79aa'...
[info] 
[info] i  deploying functions 
[info] Running command: npm --prefix "$RESOURCE_DIR" run lint
