[debug] [2025-08-15T09:35:39.774Z] ----------------------------------------------------------------------
[debug] [2025-08-15T09:35:39.778Z] Command:       C:\Program Files\nodejs\node.exe C:\Users\lapie\AppData\Roaming\npm\node_modules\firebase-tools\lib\bin\firebase.js deploy --only functions
[debug] [2025-08-15T09:35:39.779Z] CLI Version:   14.12.1
[debug] [2025-08-15T09:35:39.779Z] Platform:      win32
[debug] [2025-08-15T09:35:39.779Z] Node Version:  v22.14.0
[debug] [2025-08-15T09:35:39.779Z] Time:          Fri Aug 15 2025 11:35:39 GMT+0200 (czas środkowoeuropejski letni)
[debug] [2025-08-15T09:35:39.779Z] ----------------------------------------------------------------------
[debug] 
[debug] [2025-08-15T09:35:40.032Z] > command requires scopes: ["email","openid","https://www.googleapis.com/auth/cloudplatformprojects.readonly","https://www.googleapis.com/auth/firebase","https://www.googleapis.com/auth/cloud-platform"]
[debug] [2025-08-15T09:35:40.033Z] > authorizing via signed-in user (lapierzchanowska@gmail.com)
[debug] [2025-08-15T09:35:40.033Z] [iam] checking project thefish-b79aa for permissions ["cloudfunctions.functions.create","cloudfunctions.functions.delete","cloudfunctions.functions.get","cloudfunctions.functions.list","cloudfunctions.functions.update","cloudfunctions.operations.get","firebase.projects.get"]
[debug] [2025-08-15T09:35:40.034Z] Checked if tokens are valid: true, expires at: 1755254056094
[debug] [2025-08-15T09:35:40.035Z] Checked if tokens are valid: true, expires at: 1755254056094
[debug] [2025-08-15T09:35:40.036Z] >>> [apiv2][query] POST https://cloudresourcemanager.googleapis.com/v1/projects/thefish-b79aa:testIamPermissions [none]
[debug] [2025-08-15T09:35:40.036Z] >>> [apiv2][(partial)header] POST https://cloudresourcemanager.googleapis.com/v1/projects/thefish-b79aa:testIamPermissions x-goog-quota-user=projects/thefish-b79aa
[debug] [2025-08-15T09:35:40.036Z] >>> [apiv2][body] POST https://cloudresourcemanager.googleapis.com/v1/projects/thefish-b79aa:testIamPermissions {"permissions":["cloudfunctions.functions.create","cloudfunctions.functions.delete","cloudfunctions.functions.get","cloudfunctions.functions.list","cloudfunctions.functions.update","cloudfunctions.operations.get","firebase.projects.get"]}
[debug] [2025-08-15T09:35:40.882Z] <<< [apiv2][status] POST https://cloudresourcemanager.googleapis.com/v1/projects/thefish-b79aa:testIamPermissions 200
[debug] [2025-08-15T09:35:40.882Z] <<< [apiv2][body] POST https://cloudresourcemanager.googleapis.com/v1/projects/thefish-b79aa:testIamPermissions {"permissions":["cloudfunctions.functions.create","cloudfunctions.functions.delete","cloudfunctions.functions.get","cloudfunctions.functions.list","cloudfunctions.functions.update","cloudfunctions.operations.get","firebase.projects.get"]}
[debug] [2025-08-15T09:35:40.883Z] Checked if tokens are valid: true, expires at: 1755254056094
[debug] [2025-08-15T09:35:40.883Z] Checked if tokens are valid: true, expires at: 1755254056094
[debug] [2025-08-15T09:35:40.883Z] >>> [apiv2][query] POST https://iam.googleapis.com/v1/projects/thefish-b79aa/serviceAccounts/thefish-b79aa@appspot.gserviceaccount.com:testIamPermissions [none]
[debug] [2025-08-15T09:35:40.883Z] >>> [apiv2][body] POST https://iam.googleapis.com/v1/projects/thefish-b79aa/serviceAccounts/thefish-b79aa@appspot.gserviceaccount.com:testIamPermissions {"permissions":["iam.serviceAccounts.actAs"]}
[debug] [2025-08-15T09:35:41.641Z] <<< [apiv2][status] POST https://iam.googleapis.com/v1/projects/thefish-b79aa/serviceAccounts/thefish-b79aa@appspot.gserviceaccount.com:testIamPermissions 200
[debug] [2025-08-15T09:35:41.641Z] <<< [apiv2][body] POST https://iam.googleapis.com/v1/projects/thefish-b79aa/serviceAccounts/thefish-b79aa@appspot.gserviceaccount.com:testIamPermissions {"permissions":["iam.serviceAccounts.actAs"]}
[info] 
[info] === Deploying to 'thefish-b79aa'...
[info] 
[info] i  deploying functions 
[info] +  functions: Finished running predeploy script. 
[debug] [2025-08-15T09:35:41.646Z] Checked if tokens are valid: true, expires at: 1755254056094
[debug] [2025-08-15T09:35:41.647Z] Checked if tokens are valid: true, expires at: 1755254056094
[debug] [2025-08-15T09:35:41.647Z] >>> [apiv2][query] GET https://cloudresourcemanager.googleapis.com/v1/projects/thefish-b79aa [none]
[debug] [2025-08-15T09:35:41.857Z] <<< [apiv2][status] GET https://cloudresourcemanager.googleapis.com/v1/projects/thefish-b79aa 200
[debug] [2025-08-15T09:35:41.857Z] <<< [apiv2][body] GET https://cloudresourcemanager.googleapis.com/v1/projects/thefish-b79aa {"projectNumber":"1054599864025","projectId":"thefish-b79aa","lifecycleState":"ACTIVE","name":"TheFish","labels":{"firebase":"enabled"},"createTime":"2023-06-27T13:13:19.227091Z"}
[info] i  functions: preparing codebase default for deployment 
[info] i  functions: ensuring required API cloudfunctions.googleapis.com is enabled... 
[info] i  functions: ensuring required API cloudbuild.googleapis.com is enabled... 
[info] i  artifactregistry: ensuring required API artifactregistry.googleapis.com is enabled... 
[debug] [2025-08-15T09:35:41.861Z] Checked if tokens are valid: true, expires at: 1755254056094
[debug] [2025-08-15T09:35:41.861Z] Checked if tokens are valid: true, expires at: 1755254056094
[debug] [2025-08-15T09:35:41.861Z] >>> [apiv2][query] GET https://firebase.googleapis.com/v1beta1/projects/thefish-b79aa/adminSdkConfig [none]
[debug] [2025-08-15T09:35:42.426Z] <<< [apiv2][status] GET https://firebase.googleapis.com/v1beta1/projects/thefish-b79aa/adminSdkConfig 200
[debug] [2025-08-15T09:35:42.426Z] <<< [apiv2][body] GET https://firebase.googleapis.com/v1beta1/projects/thefish-b79aa/adminSdkConfig {"projectId":"thefish-b79aa","storageBucket":"thefish-b79aa.appspot.com","locationId":"europe-central2"}
[debug] [2025-08-15T09:35:42.426Z] Checked if tokens are valid: true, expires at: 1755254056094
[debug] [2025-08-15T09:35:42.427Z] Checked if tokens are valid: true, expires at: 1755254056094
[debug] [2025-08-15T09:35:42.427Z] >>> [apiv2][query] GET https://runtimeconfig.googleapis.com/v1beta1/projects/thefish-b79aa/configs [none]
[debug] [2025-08-15T09:35:42.695Z] <<< [apiv2][status] GET https://runtimeconfig.googleapis.com/v1beta1/projects/thefish-b79aa/configs 200
[debug] [2025-08-15T09:35:42.695Z] <<< [apiv2][body] GET https://runtimeconfig.googleapis.com/v1beta1/projects/thefish-b79aa/configs {}
[debug] [2025-08-15T09:35:42.697Z] Validating nodejs source
[debug] [2025-08-15T09:35:43.716Z] > [functions] package.json contents: {
  "name": "functions",
  "description": "Cloud Functions for Firebase",
  "scripts": {
    "lint": "eslint .",
    "serve": "firebase emulators:start --only functions",
    "shell": "firebase functions:shell",
    "start": "npm run shell",
    "deploy": "firebase deploy --only functions",
    "logs": "firebase functions:log"
  },
  "engines": {
    "node": "22"
  },
  "main": "index.js",
  "dependencies": {
    "firebase-admin": "^12.7.0",
    "firebase-functions": "^6.4.0"
  },
  "devDependencies": {
    "eslint": "^8.15.0",
    "eslint-config-google": "^0.14.0",
    "firebase-functions-test": "^3.1.0"
  },
  "private": true
}
[debug] [2025-08-15T09:35:43.717Z] Building nodejs source
[info] i  functions: Loading and analyzing source code for codebase default to determine what to deploy 
[debug] [2025-08-15T09:35:43.718Z] Could not find functions.yaml. Must use http discovery
[debug] [2025-08-15T09:35:43.727Z] Found firebase-functions binary at 'C:\Users\lapie\fish-admin-panel\functions\node_modules\.bin\firebase-functions'
[info] Serving at port 8002

[debug] [2025-08-15T09:35:44.754Z] Got response from /__/functions.yaml {"endpoints":{"createUserAccount":{"availableMemoryMb":null,"timeoutSeconds":null,"minInstances":null,"maxInstances":null,"ingressSettings":null,"concurrency":null,"serviceAccountEmail":null,"vpc":null,"platform":"gcfv2","labels":{},"callableTrigger":{},"entryPoint":"createUserAccount"}},"specVersion":"v1alpha1","requiredAPIs":[],"extensions":{}}
[info] i  extensions: ensuring required API firebaseextensions.googleapis.com is enabled... 
[debug] [2025-08-15T09:35:48.800Z] > command requires scopes: ["email","openid","https://www.googleapis.com/auth/cloudplatformprojects.readonly","https://www.googleapis.com/auth/firebase","https://www.googleapis.com/auth/cloud-platform"]
[debug] [2025-08-15T09:35:48.801Z] > authorizing via signed-in user (lapierzchanowska@gmail.com)
[debug] [2025-08-15T09:35:48.801Z] [iam] checking project thefish-b79aa for permissions ["firebase.projects.get","firebaseextensions.instances.list"]
[debug] [2025-08-15T09:35:48.801Z] Checked if tokens are valid: true, expires at: 1755254056094
[debug] [2025-08-15T09:35:48.801Z] Checked if tokens are valid: true, expires at: 1755254056094
[debug] [2025-08-15T09:35:48.801Z] >>> [apiv2][query] POST https://cloudresourcemanager.googleapis.com/v1/projects/thefish-b79aa:testIamPermissions [none]
[debug] [2025-08-15T09:35:48.801Z] >>> [apiv2][(partial)header] POST https://cloudresourcemanager.googleapis.com/v1/projects/thefish-b79aa:testIamPermissions x-goog-quota-user=projects/thefish-b79aa
[debug] [2025-08-15T09:35:48.801Z] >>> [apiv2][body] POST https://cloudresourcemanager.googleapis.com/v1/projects/thefish-b79aa:testIamPermissions {"permissions":["firebase.projects.get","firebaseextensions.instances.list"]}
[debug] [2025-08-15T09:35:49.546Z] <<< [apiv2][status] POST https://cloudresourcemanager.googleapis.com/v1/projects/thefish-b79aa:testIamPermissions 200
[debug] [2025-08-15T09:35:49.546Z] <<< [apiv2][body] POST https://cloudresourcemanager.googleapis.com/v1/projects/thefish-b79aa:testIamPermissions {"permissions":["firebase.projects.get","firebaseextensions.instances.list"]}
[debug] [2025-08-15T09:35:49.547Z] Checked if tokens are valid: true, expires at: 1755254056094
[debug] [2025-08-15T09:35:49.547Z] Checked if tokens are valid: true, expires at: 1755254056094
[debug] [2025-08-15T09:35:49.547Z] >>> [apiv2][query] GET https://firebaseextensions.googleapis.com/v1beta/projects/thefish-b79aa/instances pageSize=100&pageToken=
[debug] [2025-08-15T09:35:50.500Z] <<< [apiv2][status] GET https://firebaseextensions.googleapis.com/v1beta/projects/thefish-b79aa/instances 200
[debug] [2025-08-15T09:35:50.500Z] <<< [apiv2][body] GET https://firebaseextensions.googleapis.com/v1beta/projects/thefish-b79aa/instances {}
[info] i  functions: preparing functions directory for uploading... 
[info] i  functions: packaged C:\Users\lapie\fish-admin-panel\functions (145.13 KB) for uploading 
[debug] [2025-08-15T09:35:50.553Z] Checked if tokens are valid: true, expires at: 1755254056094
[debug] [2025-08-15T09:35:50.553Z] Checked if tokens are valid: true, expires at: 1755254056094
[debug] [2025-08-15T09:35:50.553Z] >>> [apiv2][query] GET https://cloudfunctions.googleapis.com/v1/projects/thefish-b79aa/locations/-/functions [none]
[debug] [2025-08-15T09:35:51.168Z] <<< [apiv2][status] GET https://cloudfunctions.googleapis.com/v1/projects/thefish-b79aa/locations/-/functions 200
[debug] [2025-08-15T09:35:51.169Z] <<< [apiv2][body] GET https://cloudfunctions.googleapis.com/v1/projects/thefish-b79aa/locations/-/functions {"functions":[{"name":"projects/thefish-b79aa/locations/europe-central2/functions/transactionCallback","httpsTrigger":{"url":"https://europe-central2-thefish-b79aa.cloudfunctions.net/transactionCallback","securityLevel":"SECURE_ALWAYS"},"status":"ACTIVE","entryPoint":"transactionCallback","timeout":"60s","availableMemoryMb":256,"serviceAccountEmail":"thefish-b79aa@appspot.gserviceaccount.com","updateTime":"2024-05-15T16:10:14.336Z","versionId":"11","labels":{"deployment-tool":"cli-firebase","firebase-functions-hash":"746e3e79bcf27c8b85ae18f3c43c6ba5c0cdfcd8"},"sourceUploadUrl":"https://storage.googleapis.com/uploads-492400368974.europe-central2.cloudfunctions.appspot.com/3a88b499-2685-4b92-b1c7-30af2e90de45.zip","environmentVariables":{"WOO_COMMERCE_ORDER_WEBHOOK_KEY":"9935901c-4712-4170-9977-d01dd5ac9915","WORDPRESS_API_KEY":"albert:Cx7J 7u5o YCAA ihfO BxG3 hh0J","P24_URL":"https://secure.przelewy24.pl","P24_SANDBOX_URL":"https://sandbox.przelewy24.pl","P24_SANDBOX_MERCHANT_ID":"267760","P24_CALLBACK_URL":"https://europe-central2-thefish-b79aa.cloudfunctions.net/transactionCallback","P24_MERCHANTS":"[{\"merchantId\":267760,\"crc\":\"9e5367e82b6aa398\",\"secretId\":\"ff742802950cff0e15ddf9d954a2739e\",\"returnUrl\":\"https://thefish.app\"},{\"merchantId\":233922,\"crc\":\"f9da25eed2206fb3\",\"secretId\":\"eac7cb7a912ac6c8a325dd94c0661abf\",\"returnUrl\":\"https://thefish.app\"},{\"merchantId\":266124,\"crc\":\"b58eac605066a90e\",\"secretId\":\"16b039a938bb31c932d42acfa59836b6\",\"returnUrl\":\"https://thefish.app\"},{\"merchantId\":232359,\"crc\":\"c8778e29983745c8\",\"secretId\":\"1be69ac2c700af52285658595ce0887b\",\"returnUrl\":\"https://thefish.app\"},{\"merchantId\":268850,\"crc\":\"641adf84f6f6a372\",\"secretId\":\"f72992a0a47582621faf835b9bcfd766\",\"returnUrl\":\"https://thefish.app\"},{\"merchantId\":235562,\"crc\":\"ba44be65d8aa8a67\",\"secretId\":\"6fbbab61f79ce92dbaf8199aa4238546\",\"returnUrl\":\"https://thefish.app\"},{\"merchantId\":269366,\"crc\":\"77d401f1e481c055\",\"secretId\":\"f4a4c1d1b2d0d1473197951c859c5a61\",\"returnUrl\":\"https://thefish.app\"},{\"merchantId\":273983,\"crc\":\"572ae500ee8a157d\",\"secretId\":\"0e7aaf3368feb8660474e99c0139af53\",\"returnUrl\":\"https://thefish.app\"}]","MAILER_HOST":"smtp.dpoczta.pl","MAILER_USER":"system@naturai.pl","MAILER_PASS":"*cyG8)Nc9T","FIREBASE_CONFIG":"{\"projectId\":\"thefish-b79aa\",\"storageBucket\":\"thefish-b79aa.appspot.com\",\"locationId\":\"europe-central2\"}","GCLOUD_PROJECT":"thefish-b79aa","EVENTARC_CLOUD_EVENT_SOURCE":"projects/thefish-b79aa/locations/europe-central2/functions/transactionCallback"},"runtime":"nodejs18","ingressSettings":"ALLOW_ALL","buildId":"327eaff6-9300-426e-8fbe-b2a7ee147038","buildEnvironmentVariables":{"GOOGLE_NODE_RUN_SCRIPTS":""},"buildName":"projects/1054599864025/locations/europe-central2/builds/327eaff6-9300-426e-8fbe-b2a7ee147038","dockerRegistry":"ARTIFACT_REGISTRY","automaticUpdatePolicy":{},"satisfiesPzi":true},{"name":"projects/thefish-b79aa/locations/europe-central2/functions/transactionCompletedHandler","eventTrigger":{"eventType":"providers/cloud.firestore/eventTypes/document.update","resource":"projects/thefish-b79aa/databases/(default)/documents/transactions/{transactionId}","service":"firestore.googleapis.com","failurePolicy":{}},"status":"ACTIVE","entryPoint":"transactionCompletedHandler","timeout":"60s","availableMemoryMb":1024,"serviceAccountEmail":"thefish-b79aa@appspot.gserviceaccount.com","updateTime":"2024-05-15T16:10:17.489Z","versionId":"8","labels":{"deployment-tool":"cli-firebase","firebase-functions-hash":"746e3e79bcf27c8b85ae18f3c43c6ba5c0cdfcd8"},"sourceUploadUrl":"https://storage.googleapis.com/uploads-492400368974.europe-central2.cloudfunctions.appspot.com/3a88b499-2685-4b92-b1c7-30af2e90de45.zip","environmentVariables":{"WOO_COMMERCE_ORDER_WEBHOOK_KEY":"9935901c-4712-4170-9977-d01dd5ac9915","WORDPRESS_API_KEY":"albert:Cx7J 7u5o YCAA ihfO BxG3 hh0J","P24_URL":"https://secure.przelewy24.pl","P24_SANDBOX_URL":"https://sandbox.przelewy24.pl","P24_SANDBOX_MERCHANT_ID":"267760","P24_CALLBACK_URL":"https://europe-central2-thefish-b79aa.cloudfunctions.net/transactionCallback","P24_MERCHANTS":"[{\"merchantId\":267760,\"crc\":\"9e5367e82b6aa398\",\"secretId\":\"ff742802950cff0e15ddf9d954a2739e\",\"returnUrl\":\"https://thefish.app\"},{\"merchantId\":233922,\"crc\":\"f9da25eed2206fb3\",\"secretId\":\"eac7cb7a912ac6c8a325dd94c0661abf\",\"returnUrl\":\"https://thefish.app\"},{\"merchantId\":266124,\"crc\":\"b58eac605066a90e\",\"secretId\":\"16b039a938bb31c932d42acfa59836b6\",\"returnUrl\":\"https://thefish.app\"},{\"merchantId\":232359,\"crc\":\"c8778e29983745c8\",\"secretId\":\"1be69ac2c700af52285658595ce0887b\",\"returnUrl\":\"https://thefish.app\"},{\"merchantId\":268850,\"crc\":\"641adf84f6f6a372\",\"secretId\":\"f72992a0a47582621faf835b9bcfd766\",\"returnUrl\":\"https://thefish.app\"},{\"merchantId\":235562,\"crc\":\"ba44be65d8aa8a67\",\"secretId\":\"6fbbab61f79ce92dbaf8199aa4238546\",\"returnUrl\":\"https://thefish.app\"},{\"merchantId\":269366,\"crc\":\"77d401f1e481c055\",\"secretId\":\"f4a4c1d1b2d0d1473197951c859c5a61\",\"returnUrl\":\"https://thefish.app\"},{\"merchantId\":273983,\"crc\":\"572ae500ee8a157d\",\"secretId\":\"0e7aaf3368feb8660474e99c0139af53\",\"returnUrl\":\"https://thefish.app\"}]","MAILER_HOST":"smtp.dpoczta.pl","MAILER_USER":"system@naturai.pl","MAILER_PASS":"*cyG8)Nc9T","FIREBASE_CONFIG":"{\"projectId\":\"thefish-b79aa\",\"storageBucket\":\"thefish-b79aa.appspot.com\",\"locationId\":\"europe-central2\"}","GCLOUD_PROJECT":"thefish-b79aa","EVENTARC_CLOUD_EVENT_SOURCE":"projects/thefish-b79aa/locations/europe-central2/functions/transactionCompletedHandler"},"runtime":"nodejs18","maxInstances":3000,"ingressSettings":"ALLOW_ALL","buildId":"47ae8aac-1d92-452d-970f-6830491ad0ff","buildEnvironmentVariables":{"GOOGLE_NODE_RUN_SCRIPTS":""},"buildName":"projects/1054599864025/locations/europe-central2/builds/47ae8aac-1d92-452d-970f-6830491ad0ff","dockerRegistry":"ARTIFACT_REGISTRY","automaticUpdatePolicy":{},"satisfiesPzi":true},{"name":"projects/thefish-b79aa/locations/europe-central2/functions/finishActiveFishings","eventTrigger":{"eventType":"google.pubsub.topic.publish","resource":"projects/thefish-b79aa/topics/firebase-schedule-finishActiveFishings-europe-central2","service":"pubsub.googleapis.com","failurePolicy":{}},"status":"ACTIVE","entryPoint":"finishActiveFishings","timeout":"60s","availableMemoryMb":256,"serviceAccountEmail":"thefish-b79aa@appspot.gserviceaccount.com","updateTime":"2024-05-15T16:10:15.087Z","versionId":"12","labels":{"deployment-tool":"cli-firebase","deployment-scheduled":"true","firebase-functions-hash":"746e3e79bcf27c8b85ae18f3c43c6ba5c0cdfcd8"},"sourceUploadUrl":"https://storage.googleapis.com/uploads-492400368974.europe-central2.cloudfunctions.appspot.com/3a88b499-2685-4b92-b1c7-30af2e90de45.zip","environmentVariables":{"WOO_COMMERCE_ORDER_WEBHOOK_KEY":"9935901c-4712-4170-9977-d01dd5ac9915","WORDPRESS_API_KEY":"albert:Cx7J 7u5o YCAA ihfO BxG3 hh0J","P24_URL":"https://secure.przelewy24.pl","P24_SANDBOX_URL":"https://sandbox.przelewy24.pl","P24_SANDBOX_MERCHANT_ID":"267760","P24_CALLBACK_URL":"https://europe-central2-thefish-b79aa.cloudfunctions.net/transactionCallback","P24_MERCHANTS":"[{\"merchantId\":267760,\"crc\":\"9e5367e82b6aa398\",\"secretId\":\"ff742802950cff0e15ddf9d954a2739e\",\"returnUrl\":\"https://thefish.app\"},{\"merchantId\":233922,\"crc\":\"f9da25eed2206fb3\",\"secretId\":\"eac7cb7a912ac6c8a325dd94c0661abf\",\"returnUrl\":\"https://thefish.app\"},{\"merchantId\":266124,\"crc\":\"b58eac605066a90e\",\"secretId\":\"16b039a938bb31c932d42acfa59836b6\",\"returnUrl\":\"https://thefish.app\"},{\"merchantId\":232359,\"crc\":\"c8778e29983745c8\",\"secretId\":\"1be69ac2c700af52285658595ce0887b\",\"returnUrl\":\"https://thefish.app\"},{\"merchantId\":268850,\"crc\":\"641adf84f6f6a372\",\"secretId\":\"f72992a0a47582621faf835b9bcfd766\",\"returnUrl\":\"https://thefish.app\"},{\"merchantId\":235562,\"crc\":\"ba44be65d8aa8a67\",\"secretId\":\"6fbbab61f79ce92dbaf8199aa4238546\",\"returnUrl\":\"https://thefish.app\"},{\"merchantId\":269366,\"crc\":\"77d401f1e481c055\",\"secretId\":\"f4a4c1d1b2d0d1473197951c859c5a61\",\"returnUrl\":\"https://thefish.app\"},{\"merchantId\":273983,\"crc\":\"572ae500ee8a157d\",\"secretId\":\"0e7aaf3368feb8660474e99c0139af53\",\"returnUrl\":\"https://thefish.app\"}]","MAILER_HOST":"smtp.dpoczta.pl","MAILER_USER":"system@naturai.pl","MAILER_PASS":"*cyG8)Nc9T","FIREBASE_CONFIG":"{\"projectId\":\"thefish-b79aa\",\"storageBucket\":\"thefish-b79aa.appspot.com\",\"locationId\":\"europe-central2\"}","GCLOUD_PROJECT":"thefish-b79aa","EVENTARC_CLOUD_EVENT_SOURCE":"projects/thefish-b79aa/locations/europe-central2/functions/finishActiveFishings"},"runtime":"nodejs18","maxInstances":3000,"ingressSettings":"ALLOW_ALL","buildId":"327eaff6-9300-426e-8fbe-b2a7ee147038","buildEnvironmentVariables":{"GOOGLE_NODE_RUN_SCRIPTS":""},"buildName":"projects/1054599864025/locations/europe-central2/builds/327eaff6-9300-426e-8fbe-b2a7ee147038","dockerRegistry":"ARTIFACT_REGISTRY","automaticUpdatePolicy":{},"satisfiesPzi":true},{"name":"projects/thefish-b79aa/locations/europe-central2/functions/transactionPaidHandler","eventTrigger":{"eventType":"providers/cloud.firestore/eventTypes/document.update","resource":"projects/thefish-b79aa/databases/(default)/documents/transactions/{transactionId}","service":"firestore.googleapis.com","failurePolicy":{}},"status":"ACTIVE","entryPoint":"transactionPaidHandler","timeout":"60s","availableMemoryMb":256,"serviceAccountEmail":"thefish-b79aa@appspot.gserviceaccount.com","updateTime":"2024-05-15T16:10:17.566Z","versionId":"11","labels":{"deployment-tool":"cli-firebase","firebase-functions-hash":"746e3e79bcf27c8b85ae18f3c43c6ba5c0cdfcd8"},"sourceUploadUrl":"https://storage.googleapis.com/uploads-492400368974.europe-central2.cloudfunctions.appspot.com/3a88b499-2685-4b92-b1c7-30af2e90de45.zip","environmentVariables":{"WOO_COMMERCE_ORDER_WEBHOOK_KEY":"9935901c-4712-4170-9977-d01dd5ac9915","WORDPRESS_API_KEY":"albert:Cx7J 7u5o YCAA ihfO BxG3 hh0J","P24_URL":"https://secure.przelewy24.pl","P24_SANDBOX_URL":"https://sandbox.przelewy24.pl","P24_SANDBOX_MERCHANT_ID":"267760","P24_CALLBACK_URL":"https://europe-central2-thefish-b79aa.cloudfunctions.net/transactionCallback","P24_MERCHANTS":"[{\"merchantId\":267760,\"crc\":\"9e5367e82b6aa398\",\"secretId\":\"ff742802950cff0e15ddf9d954a2739e\",\"returnUrl\":\"https://thefish.app\"},{\"merchantId\":233922,\"crc\":\"f9da25eed2206fb3\",\"secretId\":\"eac7cb7a912ac6c8a325dd94c0661abf\",\"returnUrl\":\"https://thefish.app\"},{\"merchantId\":266124,\"crc\":\"b58eac605066a90e\",\"secretId\":\"16b039a938bb31c932d42acfa59836b6\",\"returnUrl\":\"https://thefish.app\"},{\"merchantId\":232359,\"crc\":\"c8778e29983745c8\",\"secretId\":\"1be69ac2c700af52285658595ce0887b\",\"returnUrl\":\"https://thefish.app\"},{\"merchantId\":268850,\"crc\":\"641adf84f6f6a372\",\"secretId\":\"f72992a0a47582621faf835b9bcfd766\",\"returnUrl\":\"https://thefish.app\"},{\"merchantId\":235562,\"crc\":\"ba44be65d8aa8a67\",\"secretId\":\"6fbbab61f79ce92dbaf8199aa4238546\",\"returnUrl\":\"https://thefish.app\"},{\"merchantId\":269366,\"crc\":\"77d401f1e481c055\",\"secretId\":\"f4a4c1d1b2d0d1473197951c859c5a61\",\"returnUrl\":\"https://thefish.app\"},{\"merchantId\":273983,\"crc\":\"572ae500ee8a157d\",\"secretId\":\"0e7aaf3368feb8660474e99c0139af53\",\"returnUrl\":\"https://thefish.app\"}]","MAILER_HOST":"smtp.dpoczta.pl","MAILER_USER":"system@naturai.pl","MAILER_PASS":"*cyG8)Nc9T","FIREBASE_CONFIG":"{\"projectId\":\"thefish-b79aa\",\"storageBucket\":\"thefish-b79aa.appspot.com\",\"locationId\":\"europe-central2\"}","GCLOUD_PROJECT":"thefish-b79aa","EVENTARC_CLOUD_EVENT_SOURCE":"projects/thefish-b79aa/locations/europe-central2/functions/transactionPaidHandler"},"runtime":"nodejs18","maxInstances":3000,"ingressSettings":"ALLOW_ALL","buildId":"327eaff6-9300-426e-8fbe-b2a7ee147038","buildEnvironmentVariables":{"GOOGLE_NODE_RUN_SCRIPTS":""},"buildName":"projects/1054599864025/locations/europe-central2/builds/327eaff6-9300-426e-8fbe-b2a7ee147038","dockerRegistry":"ARTIFACT_REGISTRY","automaticUpdatePolicy":{},"satisfiesPzi":true},{"name":"projects/thefish-b79aa/locations/europe-central2/functions/createTransaction","httpsTrigger":{"url":"https://europe-central2-thefish-b79aa.cloudfunctions.net/createTransaction","securityLevel":"SECURE_ALWAYS"},"status":"ACTIVE","entryPoint":"createTransaction","timeout":"60s","availableMemoryMb":256,"serviceAccountEmail":"thefish-b79aa@appspot.gserviceaccount.com","updateTime":"2024-05-15T16:10:17.167Z","versionId":"11","labels":{"deployment-tool":"cli-firebase","deployment-callable":"true","firebase-functions-hash":"746e3e79bcf27c8b85ae18f3c43c6ba5c0cdfcd8"},"sourceUploadUrl":"https://storage.googleapis.com/uploads-492400368974.europe-central2.cloudfunctions.appspot.com/3a88b499-2685-4b92-b1c7-30af2e90de45.zip","environmentVariables":{"WOO_COMMERCE_ORDER_WEBHOOK_KEY":"9935901c-4712-4170-9977-d01dd5ac9915","WORDPRESS_API_KEY":"albert:Cx7J 7u5o YCAA ihfO BxG3 hh0J","P24_URL":"https://secure.przelewy24.pl","P24_SANDBOX_URL":"https://sandbox.przelewy24.pl","P24_SANDBOX_MERCHANT_ID":"267760","P24_CALLBACK_URL":"https://europe-central2-thefish-b79aa.cloudfunctions.net/transactionCallback","P24_MERCHANTS":"[{\"merchantId\":267760,\"crc\":\"9e5367e82b6aa398\",\"secretId\":\"ff742802950cff0e15ddf9d954a2739e\",\"returnUrl\":\"https://thefish.app\"},{\"merchantId\":233922,\"crc\":\"f9da25eed2206fb3\",\"secretId\":\"eac7cb7a912ac6c8a325dd94c0661abf\",\"returnUrl\":\"https://thefish.app\"},{\"merchantId\":266124,\"crc\":\"b58eac605066a90e\",\"secretId\":\"16b039a938bb31c932d42acfa59836b6\",\"returnUrl\":\"https://thefish.app\"},{\"merchantId\":232359,\"crc\":\"c8778e29983745c8\",\"secretId\":\"1be69ac2c700af52285658595ce0887b\",\"returnUrl\":\"https://thefish.app\"},{\"merchantId\":268850,\"crc\":\"641adf84f6f6a372\",\"secretId\":\"f72992a0a47582621faf835b9bcfd766\",\"returnUrl\":\"https://thefish.app\"},{\"merchantId\":235562,\"crc\":\"ba44be65d8aa8a67\",\"secretId\":\"6fbbab61f79ce92dbaf8199aa4238546\",\"returnUrl\":\"https://thefish.app\"},{\"merchantId\":269366,\"crc\":\"77d401f1e481c055\",\"secretId\":\"f4a4c1d1b2d0d1473197951c859c5a61\",\"returnUrl\":\"https://thefish.app\"},{\"merchantId\":273983,\"crc\":\"572ae500ee8a157d\",\"secretId\":\"0e7aaf3368feb8660474e99c0139af53\",\"returnUrl\":\"https://thefish.app\"}]","MAILER_HOST":"smtp.dpoczta.pl","MAILER_USER":"system@naturai.pl","MAILER_PASS":"*cyG8)Nc9T","FIREBASE_CONFIG":"{\"projectId\":\"thefish-b79aa\",\"storageBucket\":\"thefish-b79aa.appspot.com\",\"locationId\":\"europe-central2\"}","GCLOUD_PROJECT":"thefish-b79aa","EVENTARC_CLOUD_EVENT_SOURCE":"projects/thefish-b79aa/locations/europe-central2/functions/createTransaction"},"runtime":"nodejs18","ingressSettings":"ALLOW_ALL","buildId":"327eaff6-9300-426e-8fbe-b2a7ee147038","buildEnvironmentVariables":{"GOOGLE_NODE_RUN_SCRIPTS":""},"buildName":"projects/1054599864025/locations/europe-central2/builds/327eaff6-9300-426e-8fbe-b2a7ee147038","dockerRegistry":"ARTIFACT_REGISTRY","automaticUpdatePolicy":{},"satisfiesPzi":true},{"name":"projects/thefish-b79aa/locations/us-central1/functions/wooCommerceWebhookHandler","httpsTrigger":{"url":"https://us-central1-thefish-b79aa.cloudfunctions.net/wooCommerceWebhookHandler","securityLevel":"SECURE_ALWAYS"},"status":"ACTIVE","entryPoint":"wooCommerceWebhookHandler","timeout":"60s","availableMemoryMb":256,"serviceAccountEmail":"thefish-b79aa@appspot.gserviceaccount.com","updateTime":"2024-02-15T16:34:01.989Z","versionId":"1","labels":{"deployment-tool":"cli-firebase","firebase-functions-hash":"a58e1a0a275386ecdec249140e06762d1b1754a4"},"sourceUploadUrl":"https://storage.googleapis.com/uploads-492400368974.europe-central2.cloudfunctions.appspot.com/98797e6b-50a6-4c9b-a687-60c2e9378043.zip","environmentVariables":{"P24_URL":"https://secure.przelewy24.pl","P24_SANDBOX_URL":"https://sandbox.przelewy24.pl","P24_SANDBOX_MERCHANT_ID":"267760","P24_CALLBACK_URL":"https://europe-central2-thefishtest-1a851.cloudfunctions.net/transactionCallback","P24_MERCHANTS":"[{\"merchantId\":267760,\"crc\":\"9e5367e82b6aa398\",\"secretId\":\"ff742802950cff0e15ddf9d954a2739e\",\"returnUrl\":\"https://thefish.app\"}]","MAILER_HOST":"smtp.dpoczta.pl","MAILER_USER":"system@naturai.pl","MAILER_PASS":"*cyG8)Nc9T","FIREBASE_CONFIG":"{\"projectId\":\"thefish-b79aa\",\"storageBucket\":\"thefish-b79aa.appspot.com\",\"locationId\":\"europe-central2\"}","GCLOUD_PROJECT":"thefish-b79aa","EVENTARC_CLOUD_EVENT_SOURCE":"projects/thefish-b79aa/locations/us-central1/functions/wooCommerceWebhookHandler"},"runtime":"nodejs18","ingressSettings":"ALLOW_ALL","buildId":"ba6dc916-cb8a-48dc-a6c3-c1a178fdd547","buildEnvironmentVariables":{"GOOGLE_NODE_RUN_SCRIPTS":""},"buildName":"projects/1054599864025/locations/us-central1/builds/ba6dc916-cb8a-48dc-a6c3-c1a178fdd547","dockerRegistry":"ARTIFACT_REGISTRY","automaticUpdatePolicy":{},"satisfiesPzi":true}]}
[debug] [2025-08-15T09:35:51.170Z] Checked if tokens are valid: true, expires at: 1755254056094
[debug] [2025-08-15T09:35:51.170Z] Checked if tokens are valid: true, expires at: 1755254056094
[debug] [2025-08-15T09:35:51.171Z] >>> [apiv2][query] GET https://cloudfunctions.googleapis.com/v2/projects/thefish-b79aa/locations/-/functions filter=environment%3D%22GEN_2%22
[debug] [2025-08-15T09:35:52.187Z] <<< [apiv2][status] GET https://cloudfunctions.googleapis.com/v2/projects/thefish-b79aa/locations/-/functions 200
[debug] [2025-08-15T09:35:52.187Z] <<< [apiv2][body] GET https://cloudfunctions.googleapis.com/v2/projects/thefish-b79aa/locations/-/functions {}
[info] i  functions: ensuring required API run.googleapis.com is enabled... 
[info] i  functions: ensuring required API eventarc.googleapis.com is enabled... 
[info] i  functions: ensuring required API pubsub.googleapis.com is enabled... 
[info] i  functions: ensuring required API storage.googleapis.com is enabled... 
[info] i  functions: generating the service identity for pubsub.googleapis.com... 
[debug] [2025-08-15T09:35:52.192Z] Checked if tokens are valid: true, expires at: 1755254056094
[debug] [2025-08-15T09:35:52.192Z] Checked if tokens are valid: true, expires at: 1755254056094
[info] i  functions: generating the service identity for eventarc.googleapis.com... 
[debug] [2025-08-15T09:35:52.193Z] Checked if tokens are valid: true, expires at: 1755254056094
[debug] [2025-08-15T09:35:52.193Z] Checked if tokens are valid: true, expires at: 1755254056094
[debug] [2025-08-15T09:35:52.193Z] >>> [apiv2][query] POST https://serviceusage.googleapis.com/v1beta1/projects/1054599864025/services/pubsub.googleapis.com:generateServiceIdentity [none]
[debug] [2025-08-15T09:35:52.193Z] >>> [apiv2][(partial)header] POST https://serviceusage.googleapis.com/v1beta1/projects/1054599864025/services/pubsub.googleapis.com:generateServiceIdentity x-goog-quota-user=projects/1054599864025
[debug] [2025-08-15T09:35:52.193Z] >>> [apiv2][body] POST https://serviceusage.googleapis.com/v1beta1/projects/1054599864025/services/pubsub.googleapis.com:generateServiceIdentity {}
[debug] [2025-08-15T09:35:52.194Z] >>> [apiv2][query] POST https://serviceusage.googleapis.com/v1beta1/projects/1054599864025/services/eventarc.googleapis.com:generateServiceIdentity [none]
[debug] [2025-08-15T09:35:52.194Z] >>> [apiv2][(partial)header] POST https://serviceusage.googleapis.com/v1beta1/projects/1054599864025/services/eventarc.googleapis.com:generateServiceIdentity x-goog-quota-user=projects/1054599864025
[debug] [2025-08-15T09:35:52.194Z] >>> [apiv2][body] POST https://serviceusage.googleapis.com/v1beta1/projects/1054599864025/services/eventarc.googleapis.com:generateServiceIdentity {}
[debug] [2025-08-15T09:35:53.195Z] <<< [apiv2][status] POST https://serviceusage.googleapis.com/v1beta1/projects/1054599864025/services/eventarc.googleapis.com:generateServiceIdentity 200
[debug] [2025-08-15T09:35:53.195Z] <<< [apiv2][body] POST https://serviceusage.googleapis.com/v1beta1/projects/1054599864025/services/eventarc.googleapis.com:generateServiceIdentity {"name":"operations/finished.DONE_OPERATION","done":true,"response":{"@type":"type.googleapis.com/google.api.serviceusage.v1beta1.ServiceIdentity","email":"service-1054599864025@gcp-sa-eventarc.iam.gserviceaccount.com","uniqueId":"102756162147395167195"}}
[debug] [2025-08-15T09:35:53.231Z] <<< [apiv2][status] POST https://serviceusage.googleapis.com/v1beta1/projects/1054599864025/services/pubsub.googleapis.com:generateServiceIdentity 200
[debug] [2025-08-15T09:35:53.231Z] <<< [apiv2][body] POST https://serviceusage.googleapis.com/v1beta1/projects/1054599864025/services/pubsub.googleapis.com:generateServiceIdentity {"name":"operations/finished.DONE_OPERATION","done":true,"response":{"@type":"type.googleapis.com/google.api.serviceusage.v1beta1.ServiceIdentity","email":"service-1054599864025@gcp-sa-pubsub.iam.gserviceaccount.com","uniqueId":"110270909083312707627"}}
[debug] [2025-08-15T09:35:53.234Z] Checked if tokens are valid: true, expires at: 1755254056094
[debug] [2025-08-15T09:35:53.234Z] Checked if tokens are valid: true, expires at: 1755254056094
[debug] [2025-08-15T09:35:53.234Z] >>> [apiv2][query] GET https://cloudresourcemanager.googleapis.com/v1/projects/thefish-b79aa [none]
[debug] [2025-08-15T09:35:53.422Z] <<< [apiv2][status] GET https://cloudresourcemanager.googleapis.com/v1/projects/thefish-b79aa 200
[debug] [2025-08-15T09:35:53.422Z] <<< [apiv2][body] GET https://cloudresourcemanager.googleapis.com/v1/projects/thefish-b79aa {"projectNumber":"1054599864025","projectId":"thefish-b79aa","lifecycleState":"ACTIVE","name":"TheFish","labels":{"firebase":"enabled"},"createTime":"2023-06-27T13:13:19.227091Z"}
[debug] [2025-08-15T09:35:53.423Z] Checked if tokens are valid: true, expires at: 1755254056094
[debug] [2025-08-15T09:35:53.423Z] Checked if tokens are valid: true, expires at: 1755254056094
[debug] [2025-08-15T09:35:53.423Z] >>> [apiv2][query] GET https://compute.googleapis.com/compute/v1/projects/1054599864025 [none]
[debug] [2025-08-15T09:35:54.042Z] <<< [apiv2][status] GET https://compute.googleapis.com/compute/v1/projects/1054599864025 200
[debug] [2025-08-15T09:35:54.042Z] <<< [apiv2][body] GET https://compute.googleapis.com/compute/v1/projects/1054599864025 {"kind":"compute#project","id":"7527494492219448536","creationTimestamp":"2025-03-22T04:42:48.178-07:00","name":"thefish-b79aa","commonInstanceMetadata":{"kind":"compute#metadata","fingerprint":"rIGtVuHmNlM="},"quotas":[{"metric":"SNAPSHOTS","limit":1000,"usage":0},{"metric":"NETWORKS","limit":5,"usage":1},{"metric":"FIREWALLS","limit":100,"usage":4},{"metric":"IMAGES","limit":100,"usage":0},{"metric":"STATIC_ADDRESSES","limit":8,"usage":0},{"metric":"ROUTES","limit":200,"usage":0},{"metric":"FORWARDING_RULES","limit":15,"usage":0},{"metric":"TARGET_POOLS","limit":50,"usage":0},{"metric":"HEALTH_CHECKS","limit":75,"usage":0},{"metric":"IN_USE_ADDRESSES","limit":8,"usage":0},{"metric":"TARGET_INSTANCES","limit":50,"usage":0},{"metric":"TARGET_HTTP_PROXIES","limit":10,"usage":0},{"metric":"URL_MAPS","limit":10,"usage":0},{"metric":"BACKEND_SERVICES","limit":50,"usage":0},{"metric":"INSTANCE_TEMPLATES","limit":100,"usage":0},{"metric":"TARGET_VPN_GATEWAYS","limit":5,"usage":0},{"metric":"VPN_TUNNELS","limit":10,"usage":0},{"metric":"BACKEND_BUCKETS","limit":3,"usage":0},{"metric":"ROUTERS","limit":10,"usage":0},{"metric":"TARGET_SSL_PROXIES","limit":10,"usage":0},{"metric":"TARGET_HTTPS_PROXIES","limit":10,"usage":0},{"metric":"SSL_CERTIFICATES","limit":10,"usage":0},{"metric":"SUBNETWORKS","limit":100,"usage":0},{"metric":"TARGET_TCP_PROXIES","limit":10,"usage":0},{"metric":"CPUS_ALL_REGIONS","limit":32,"usage":0},{"metric":"SECURITY_POLICIES","limit":10,"usage":0},{"metric":"SECURITY_POLICY_RULES","limit":100,"usage":0},{"metric":"XPN_SERVICE_PROJECTS","limit":1000,"usage":0},{"metric":"PACKET_MIRRORINGS","limit":20,"usage":0},{"metric":"NETWORK_ENDPOINT_GROUPS","limit":100,"usage":0},{"metric":"INTERCONNECTS","limit":6,"usage":0},{"metric":"SSL_POLICIES","limit":10,"usage":0},{"metric":"GLOBAL_INTERNAL_ADDRESSES","limit":5000,"usage":0},{"metric":"VPN_GATEWAYS","limit":5,"usage":0},{"metric":"MACHINE_IMAGES","limit":100,"usage":0},{"metric":"SECURITY_POLICY_CEVAL_RULES","limit":20,"usage":0},{"metric":"GPUS_ALL_REGIONS","limit":0,"usage":0},{"metric":"EXTERNAL_VPN_GATEWAYS","limit":5,"usage":0},{"metric":"PUBLIC_ADVERTISED_PREFIXES","limit":1,"usage":0},{"metric":"PUBLIC_DELEGATED_PREFIXES","limit":10,"usage":0},{"metric":"STATIC_BYOIP_ADDRESSES","limit":128,"usage":0},{"metric":"NETWORK_FIREWALL_POLICIES","limit":10,"usage":0},{"metric":"INTERNAL_TRAFFIC_DIRECTOR_FORWARDING_RULES","limit":15,"usage":0},{"metric":"GLOBAL_EXTERNAL_MANAGED_FORWARDING_RULES","limit":15,"usage":0},{"metric":"GLOBAL_INTERNAL_MANAGED_BACKEND_SERVICES","limit":50,"usage":0},{"metric":"GLOBAL_EXTERNAL_MANAGED_BACKEND_SERVICES","limit":50,"usage":0},{"metric":"GLOBAL_EXTERNAL_PROXY_LB_BACKEND_SERVICES","limit":50,"usage":0},{"metric":"GLOBAL_INTERNAL_TRAFFIC_DIRECTOR_BACKEND_SERVICES","limit":250,"usage":0}],"selfLink":"https://www.googleapis.com/compute/v1/projects/thefish-b79aa","defaultServiceAccount":"1054599864025-compute@developer.gserviceaccount.com","xpnProjectStatus":"UNSPECIFIED_XPN_PROJECT_STATUS","defaultNetworkTier":"PREMIUM","vmDnsSetting":"ZONAL_ONLY","cloudArmorTier":"CA_STANDARD"}
[debug] [2025-08-15T09:35:54.044Z] Checked if tokens are valid: true, expires at: 1755254056094
[debug] [2025-08-15T09:35:54.044Z] Checked if tokens are valid: true, expires at: 1755254056094
[debug] [2025-08-15T09:35:54.044Z] >>> [apiv2][query] GET https://cloudbilling.googleapis.com/v1/projects/thefish-b79aa/billingInfo [none]
[debug] [2025-08-15T09:35:54.817Z] <<< [apiv2][status] GET https://cloudbilling.googleapis.com/v1/projects/thefish-b79aa/billingInfo 200
[debug] [2025-08-15T09:35:54.817Z] <<< [apiv2][body] GET https://cloudbilling.googleapis.com/v1/projects/thefish-b79aa/billingInfo {"name":"projects/thefish-b79aa/billingInfo","projectId":"thefish-b79aa","billingAccountName":"billingAccounts/01D6EC-E99D40-424AD1","billingEnabled":true}
[debug] [2025-08-15T09:35:54.819Z] Checked if tokens are valid: true, expires at: 1755254056094
[debug] [2025-08-15T09:35:54.819Z] Checked if tokens are valid: true, expires at: 1755254056094
[debug] [2025-08-15T09:35:54.819Z] >>> [apiv2][query] POST https://cloudfunctions.googleapis.com/v2/projects/thefish-b79aa/locations/us-central1/functions:generateUploadUrl [none]
[debug] [2025-08-15T09:35:55.629Z] <<< [apiv2][status] POST https://cloudfunctions.googleapis.com/v2/projects/thefish-b79aa/locations/us-central1/functions:generateUploadUrl 200
[debug] [2025-08-15T09:35:55.629Z] <<< [apiv2][body] POST https://cloudfunctions.googleapis.com/v2/projects/thefish-b79aa/locations/us-central1/functions:generateUploadUrl {"uploadUrl":"https://storage.googleapis.com/gcf-v2-uploads-1054599864025.us-central1.cloudfunctions.appspot.com/3d793fde-e85a-47d5-9079-94fa975b1f65.zip?GoogleAccessId=service-1054599864025@gcf-admin-robot.iam.gserviceaccount.com&Expires=1755252354&Signature=Rqt0yiJH6%2Bx%2FKyrS%2B1RkJOH18GRq12m8k%2FtK44rRlGOyNaBFC2evEArlEZujZCBQsyyMLMiLtRKVuRZA4dEfYK649BuriUqvQz4AcC%2Fo%2FhROTQ5F3v68WlsIXb61HRV4PXfW4hxqk2WPH5TWjVPRFqvZ9pXwkwdYUWwzA1x8Voag5YEhDdiMIqoV9uzElX7AYOKSOwwPFZIpr0Q06%2BOGRLZRhHks7jRHQzlQPeDH6bfB1Uk8Ycz%2BF0MjgB4tAlbaWneh9bc%2BT9ALUPRo3d71KiMrVJ0QFSwyi1w%2FRsI3vMEK3IZoKGO%2F8nQeNrwiqFXSbeJWjy%2B%2BdWfiboo%2FTr9dgA%3D%3D","storageSource":{"bucket":"gcf-v2-uploads-1054599864025.us-central1.cloudfunctions.appspot.com","object":"3d793fde-e85a-47d5-9079-94fa975b1f65.zip"}}
[debug] [2025-08-15T09:35:55.630Z] >>> [apiv2][query] PUT https://storage.googleapis.com/gcf-v2-uploads-1054599864025.us-central1.cloudfunctions.appspot.com/3d793fde-e85a-47d5-9079-94fa975b1f65.zip GoogleAccessId=service-1054599864025%40gcf-admin-robot.iam.gserviceaccount.com&Expires=1755252354&Signature=Rqt0yiJH6%2Bx%2FKyrS%2B1RkJOH18GRq12m8k%2FtK44rRlGOyNaBFC2evEArlEZujZCBQsyyMLMiLtRKVuRZA4dEfYK649BuriUqvQz4AcC%2Fo%2FhROTQ5F3v68WlsIXb61HRV4PXfW4hxqk2WPH5TWjVPRFqvZ9pXwkwdYUWwzA1x8Voag5YEhDdiMIqoV9uzElX7AYOKSOwwPFZIpr0Q06%2BOGRLZRhHks7jRHQzlQPeDH6bfB1Uk8Ycz%2BF0MjgB4tAlbaWneh9bc%2BT9ALUPRo3d71KiMrVJ0QFSwyi1w%2FRsI3vMEK3IZoKGO%2F8nQeNrwiqFXSbeJWjy%2B%2BdWfiboo%2FTr9dgA%3D%3D
[debug] [2025-08-15T09:35:55.630Z] >>> [apiv2][body] PUT https://storage.googleapis.com/gcf-v2-uploads-1054599864025.us-central1.cloudfunctions.appspot.com/3d793fde-e85a-47d5-9079-94fa975b1f65.zip [stream]
[debug] [2025-08-15T09:35:56.380Z] <<< [apiv2][status] PUT https://storage.googleapis.com/gcf-v2-uploads-1054599864025.us-central1.cloudfunctions.appspot.com/3d793fde-e85a-47d5-9079-94fa975b1f65.zip 200
[debug] [2025-08-15T09:35:56.380Z] <<< [apiv2][body] PUT https://storage.googleapis.com/gcf-v2-uploads-1054599864025.us-central1.cloudfunctions.appspot.com/3d793fde-e85a-47d5-9079-94fa975b1f65.zip [omitted]
[info] +  functions: functions folder uploaded successfully 
[info] 
The following functions are found in your project but do not exist in your local source code:
	createTransaction(europe-central2)
	finishActiveFishings(europe-central2)
	transactionCallback(europe-central2)
	transactionCompletedHandler(europe-central2)
	transactionPaidHandler(europe-central2)
	wooCommerceWebhookHandler(us-central1)

If you are renaming a function or changing its region, it is recommended that you create the new function first before deleting the old one to prevent event loss. For more info, visit https://firebase.google.com/docs/functions/manage-functions#modify

[info] i  functions: creating Node.js 22 (2nd Gen) function createUserAccount(us-central1)... 
[debug] [2025-08-15T09:35:59.756Z] Checked if tokens are valid: true, expires at: 1755254056094
[debug] [2025-08-15T09:35:59.756Z] Checked if tokens are valid: true, expires at: 1755254056094
[debug] [2025-08-15T09:35:59.756Z] >>> [apiv2][query] POST https://cloudfunctions.googleapis.com/v2/projects/thefish-b79aa/locations/us-central1/functions functionId=createUserAccount
[debug] [2025-08-15T09:35:59.756Z] >>> [apiv2][body] POST https://cloudfunctions.googleapis.com/v2/projects/thefish-b79aa/locations/us-central1/functions {"name":"projects/thefish-b79aa/locations/us-central1/functions/createUserAccount","buildConfig":{"runtime":"nodejs22","entryPoint":"createUserAccount","source":{"storageSource":{"bucket":"gcf-v2-uploads-1054599864025.us-central1.cloudfunctions.appspot.com","object":"3d793fde-e85a-47d5-9079-94fa975b1f65.zip"}},"environmentVariables":{"GOOGLE_NODE_RUN_SCRIPTS":""}},"serviceConfig":{"environmentVariables":{"FIREBASE_CONFIG":"{\"projectId\":\"thefish-b79aa\",\"storageBucket\":\"thefish-b79aa.appspot.com\",\"locationId\":\"europe-central2\"}","GCLOUD_PROJECT":"thefish-b79aa","EVENTARC_CLOUD_EVENT_SOURCE":"projects/thefish-b79aa/locations/us-central1/services/createUserAccount","FUNCTION_TARGET":"createUserAccount","LOG_EXECUTION_ID":"true"},"ingressSettings":null,"timeoutSeconds":null,"serviceAccountEmail":null,"availableMemory":"256Mi","minInstanceCount":null,"maxInstanceCount":null,"maxInstanceRequestConcurrency":80,"availableCpu":"1","vpcConnector":null,"vpcConnectorEgressSettings":null},"labels":{"deployment-tool":"cli-firebase","deployment-callable":"true","firebase-functions-hash":"c5051cfaaf798203f65e4421c54ded7fee519ce7"}}
[debug] [2025-08-15T09:36:00.999Z] <<< [apiv2][status] POST https://cloudfunctions.googleapis.com/v2/projects/thefish-b79aa/locations/us-central1/functions 200
[debug] [2025-08-15T09:36:00.999Z] <<< [apiv2][body] POST https://cloudfunctions.googleapis.com/v2/projects/thefish-b79aa/locations/us-central1/functions {"name":"projects/thefish-b79aa/locations/us-central1/operations/operation-1755250559431-63c641e16317e-7e265481-57ffa880","metadata":{"@type":"type.googleapis.com/google.cloud.functions.v2.OperationMetadata","createTime":"2025-08-15T09:35:59.917492267Z","target":"projects/thefish-b79aa/locations/us-central1/functions/createUserAccount","verb":"create","cancelRequested":false,"apiVersion":"v2"},"done":false}
[debug] [2025-08-15T09:36:01.000Z] Checked if tokens are valid: true, expires at: 1755254056094
[debug] [2025-08-15T09:36:01.000Z] Checked if tokens are valid: true, expires at: 1755254056094
[debug] [2025-08-15T09:36:01.000Z] >>> [apiv2][query] GET https://cloudfunctions.googleapis.com/v2/projects/thefish-b79aa/locations/us-central1/operations/operation-1755250559431-63c641e16317e-7e265481-57ffa880 [none]
[debug] [2025-08-15T09:36:01.722Z] <<< [apiv2][status] GET https://cloudfunctions.googleapis.com/v2/projects/thefish-b79aa/locations/us-central1/operations/operation-1755250559431-63c641e16317e-7e265481-57ffa880 200
[debug] [2025-08-15T09:36:01.722Z] <<< [apiv2][body] GET https://cloudfunctions.googleapis.com/v2/projects/thefish-b79aa/locations/us-central1/operations/operation-1755250559431-63c641e16317e-7e265481-57ffa880 {"name":"projects/thefish-b79aa/locations/us-central1/operations/operation-1755250559431-63c641e16317e-7e265481-57ffa880","metadata":{"@type":"type.googleapis.com/google.cloud.functions.v2.OperationMetadata","createTime":"2025-08-15T09:35:59.917492267Z","target":"projects/thefish-b79aa/locations/us-central1/functions/createUserAccount","verb":"create","cancelRequested":false,"apiVersion":"v2","requestResource":{"@type":"type.googleapis.com/google.cloud.functions.v2.Function","name":"projects/thefish-b79aa/locations/us-central1/functions/createUserAccount","buildConfig":{"runtime":"nodejs22","entryPoint":"createUserAccount","source":{"storageSource":{"bucket":"gcf-v2-sources-1054599864025-us-central1","object":"createUserAccount/function-source.zip","generation":"1755250559660825"}},"environmentVariables":{"GOOGLE_NODE_RUN_SCRIPTS":""},"automaticUpdatePolicy":{}},"serviceConfig":{"service":"projects/thefish-b79aa/locations/us-central1/services/createuseraccount","timeoutSeconds":60,"environmentVariables":{"FIREBASE_CONFIG":"{\"projectId\":\"thefish-b79aa\",\"storageBucket\":\"thefish-b79aa.appspot.com\",\"locationId\":\"europe-central2\"}","GCLOUD_PROJECT":"thefish-b79aa","EVENTARC_CLOUD_EVENT_SOURCE":"projects/thefish-b79aa/locations/us-central1/services/createUserAccount","FUNCTION_TARGET":"createUserAccount","LOG_EXECUTION_ID":"true"},"ingressSettings":"ALLOW_ALL","serviceAccountEmail":"1054599864025-compute@developer.gserviceaccount.com","availableMemory":"256Mi","maxInstanceRequestConcurrency":80,"availableCpu":"1"},"labels":{"deployment-tool":"cli-firebase","deployment-callable":"true","firebase-functions-hash":"c5051cfaaf798203f65e4421c54ded7fee519ce7"},"environment":"GEN_2"},"stages":[{"name":"BUILD","message":"Creating build","state":"IN_PROGRESS","resource":"projects/1054599864025/locations/us-central1/builds/e68f5faa-5b8d-4c70-9e04-4d6bdf14aac8","resourceUri":"https://console.cloud.google.com/cloud-build/builds;region=us-central1/e68f5faa-5b8d-4c70-9e04-4d6bdf14aac8?project=1054599864025"},{"name":"SERVICE","state":"NOT_STARTED"}],"operationType":"CREATE_FUNCTION","buildName":"projects/1054599864025/locations/us-central1/builds/e68f5faa-5b8d-4c70-9e04-4d6bdf14aac8"},"done":false}
[debug] [2025-08-15T09:36:02.224Z] [create-default-us-central1-createUserAccount] Retrying task index 0
[debug] [2025-08-15T09:36:02.225Z] Checked if tokens are valid: true, expires at: 1755254056094
[debug] [2025-08-15T09:36:02.225Z] Checked if tokens are valid: true, expires at: 1755254056094
[debug] [2025-08-15T09:36:02.225Z] >>> [apiv2][query] GET https://cloudfunctions.googleapis.com/v2/projects/thefish-b79aa/locations/us-central1/operations/operation-1755250559431-63c641e16317e-7e265481-57ffa880 [none]
[debug] [2025-08-15T09:36:02.917Z] <<< [apiv2][status] GET https://cloudfunctions.googleapis.com/v2/projects/thefish-b79aa/locations/us-central1/operations/operation-1755250559431-63c641e16317e-7e265481-57ffa880 200
[debug] [2025-08-15T09:36:02.918Z] <<< [apiv2][body] GET https://cloudfunctions.googleapis.com/v2/projects/thefish-b79aa/locations/us-central1/operations/operation-1755250559431-63c641e16317e-7e265481-57ffa880 {"name":"projects/thefish-b79aa/locations/us-central1/operations/operation-1755250559431-63c641e16317e-7e265481-57ffa880","metadata":{"@type":"type.googleapis.com/google.cloud.functions.v2.OperationMetadata","createTime":"2025-08-15T09:35:59.917492267Z","target":"projects/thefish-b79aa/locations/us-central1/functions/createUserAccount","verb":"create","cancelRequested":false,"apiVersion":"v2","requestResource":{"@type":"type.googleapis.com/google.cloud.functions.v2.Function","name":"projects/thefish-b79aa/locations/us-central1/functions/createUserAccount","buildConfig":{"runtime":"nodejs22","entryPoint":"createUserAccount","source":{"storageSource":{"bucket":"gcf-v2-sources-1054599864025-us-central1","object":"createUserAccount/function-source.zip","generation":"1755250559660825"}},"environmentVariables":{"GOOGLE_NODE_RUN_SCRIPTS":""},"automaticUpdatePolicy":{}},"serviceConfig":{"service":"projects/thefish-b79aa/locations/us-central1/services/createuseraccount","timeoutSeconds":60,"environmentVariables":{"FIREBASE_CONFIG":"{\"projectId\":\"thefish-b79aa\",\"storageBucket\":\"thefish-b79aa.appspot.com\",\"locationId\":\"europe-central2\"}","GCLOUD_PROJECT":"thefish-b79aa","EVENTARC_CLOUD_EVENT_SOURCE":"projects/thefish-b79aa/locations/us-central1/services/createUserAccount","FUNCTION_TARGET":"createUserAccount","LOG_EXECUTION_ID":"true"},"ingressSettings":"ALLOW_ALL","serviceAccountEmail":"1054599864025-compute@developer.gserviceaccount.com","availableMemory":"256Mi","maxInstanceRequestConcurrency":80,"availableCpu":"1"},"labels":{"deployment-tool":"cli-firebase","deployment-callable":"true","firebase-functions-hash":"c5051cfaaf798203f65e4421c54ded7fee519ce7"},"environment":"GEN_2"},"stages":[{"name":"BUILD","message":"Build in progress","state":"IN_PROGRESS","resource":"projects/1054599864025/locations/us-central1/builds/e68f5faa-5b8d-4c70-9e04-4d6bdf14aac8","resourceUri":"https://console.cloud.google.com/cloud-build/builds;region=us-central1/e68f5faa-5b8d-4c70-9e04-4d6bdf14aac8?project=1054599864025"},{"name":"SERVICE","state":"NOT_STARTED"}],"operationType":"CREATE_FUNCTION","buildName":"projects/1054599864025/locations/us-central1/builds/e68f5faa-5b8d-4c70-9e04-4d6bdf14aac8"},"done":false}
[debug] [2025-08-15T09:36:03.933Z] [create-default-us-central1-createUserAccount] Retrying task index 0
[debug] [2025-08-15T09:36:03.934Z] Checked if tokens are valid: true, expires at: 1755254056094
[debug] [2025-08-15T09:36:03.934Z] Checked if tokens are valid: true, expires at: 1755254056094
[debug] [2025-08-15T09:36:03.934Z] >>> [apiv2][query] GET https://cloudfunctions.googleapis.com/v2/projects/thefish-b79aa/locations/us-central1/operations/operation-1755250559431-63c641e16317e-7e265481-57ffa880 [none]
[debug] [2025-08-15T09:36:04.654Z] <<< [apiv2][status] GET https://cloudfunctions.googleapis.com/v2/projects/thefish-b79aa/locations/us-central1/operations/operation-1755250559431-63c641e16317e-7e265481-57ffa880 200
[debug] [2025-08-15T09:36:04.654Z] <<< [apiv2][body] GET https://cloudfunctions.googleapis.com/v2/projects/thefish-b79aa/locations/us-central1/operations/operation-1755250559431-63c641e16317e-7e265481-57ffa880 {"name":"projects/thefish-b79aa/locations/us-central1/operations/operation-1755250559431-63c641e16317e-7e265481-57ffa880","metadata":{"@type":"type.googleapis.com/google.cloud.functions.v2.OperationMetadata","createTime":"2025-08-15T09:35:59.917492267Z","target":"projects/thefish-b79aa/locations/us-central1/functions/createUserAccount","verb":"create","cancelRequested":false,"apiVersion":"v2","requestResource":{"@type":"type.googleapis.com/google.cloud.functions.v2.Function","name":"projects/thefish-b79aa/locations/us-central1/functions/createUserAccount","buildConfig":{"runtime":"nodejs22","entryPoint":"createUserAccount","source":{"storageSource":{"bucket":"gcf-v2-sources-1054599864025-us-central1","object":"createUserAccount/function-source.zip","generation":"1755250559660825"}},"environmentVariables":{"GOOGLE_NODE_RUN_SCRIPTS":""},"automaticUpdatePolicy":{}},"serviceConfig":{"service":"projects/thefish-b79aa/locations/us-central1/services/createuseraccount","timeoutSeconds":60,"environmentVariables":{"FIREBASE_CONFIG":"{\"projectId\":\"thefish-b79aa\",\"storageBucket\":\"thefish-b79aa.appspot.com\",\"locationId\":\"europe-central2\"}","GCLOUD_PROJECT":"thefish-b79aa","EVENTARC_CLOUD_EVENT_SOURCE":"projects/thefish-b79aa/locations/us-central1/services/createUserAccount","FUNCTION_TARGET":"createUserAccount","LOG_EXECUTION_ID":"true"},"ingressSettings":"ALLOW_ALL","serviceAccountEmail":"1054599864025-compute@developer.gserviceaccount.com","availableMemory":"256Mi","maxInstanceRequestConcurrency":80,"availableCpu":"1"},"labels":{"deployment-tool":"cli-firebase","deployment-callable":"true","firebase-functions-hash":"c5051cfaaf798203f65e4421c54ded7fee519ce7"},"environment":"GEN_2"},"stages":[{"name":"BUILD","message":"Build in progress","state":"IN_PROGRESS","resource":"projects/1054599864025/locations/us-central1/builds/e68f5faa-5b8d-4c70-9e04-4d6bdf14aac8","resourceUri":"https://console.cloud.google.com/cloud-build/builds;region=us-central1/e68f5faa-5b8d-4c70-9e04-4d6bdf14aac8?project=1054599864025"},{"name":"SERVICE","state":"NOT_STARTED"}],"operationType":"CREATE_FUNCTION","buildName":"projects/1054599864025/locations/us-central1/builds/e68f5faa-5b8d-4c70-9e04-4d6bdf14aac8"},"done":false}
[debug] [2025-08-15T09:36:06.659Z] [create-default-us-central1-createUserAccount] Retrying task index 0
[debug] [2025-08-15T09:36:06.659Z] Checked if tokens are valid: true, expires at: 1755254056094
[debug] [2025-08-15T09:36:06.660Z] Checked if tokens are valid: true, expires at: 1755254056094
[debug] [2025-08-15T09:36:06.660Z] >>> [apiv2][query] GET https://cloudfunctions.googleapis.com/v2/projects/thefish-b79aa/locations/us-central1/operations/operation-1755250559431-63c641e16317e-7e265481-57ffa880 [none]
[debug] [2025-08-15T09:36:07.372Z] <<< [apiv2][status] GET https://cloudfunctions.googleapis.com/v2/projects/thefish-b79aa/locations/us-central1/operations/operation-1755250559431-63c641e16317e-7e265481-57ffa880 200
[debug] [2025-08-15T09:36:07.372Z] <<< [apiv2][body] GET https://cloudfunctions.googleapis.com/v2/projects/thefish-b79aa/locations/us-central1/operations/operation-1755250559431-63c641e16317e-7e265481-57ffa880 {"name":"projects/thefish-b79aa/locations/us-central1/operations/operation-1755250559431-63c641e16317e-7e265481-57ffa880","metadata":{"@type":"type.googleapis.com/google.cloud.functions.v2.OperationMetadata","createTime":"2025-08-15T09:35:59.917492267Z","target":"projects/thefish-b79aa/locations/us-central1/functions/createUserAccount","verb":"create","cancelRequested":false,"apiVersion":"v2","requestResource":{"@type":"type.googleapis.com/google.cloud.functions.v2.Function","name":"projects/thefish-b79aa/locations/us-central1/functions/createUserAccount","buildConfig":{"runtime":"nodejs22","entryPoint":"createUserAccount","source":{"storageSource":{"bucket":"gcf-v2-sources-1054599864025-us-central1","object":"createUserAccount/function-source.zip","generation":"1755250559660825"}},"environmentVariables":{"GOOGLE_NODE_RUN_SCRIPTS":""},"automaticUpdatePolicy":{}},"serviceConfig":{"service":"projects/thefish-b79aa/locations/us-central1/services/createuseraccount","timeoutSeconds":60,"environmentVariables":{"FIREBASE_CONFIG":"{\"projectId\":\"thefish-b79aa\",\"storageBucket\":\"thefish-b79aa.appspot.com\",\"locationId\":\"europe-central2\"}","GCLOUD_PROJECT":"thefish-b79aa","EVENTARC_CLOUD_EVENT_SOURCE":"projects/thefish-b79aa/locations/us-central1/services/createUserAccount","FUNCTION_TARGET":"createUserAccount","LOG_EXECUTION_ID":"true"},"ingressSettings":"ALLOW_ALL","serviceAccountEmail":"1054599864025-compute@developer.gserviceaccount.com","availableMemory":"256Mi","maxInstanceRequestConcurrency":80,"availableCpu":"1"},"labels":{"deployment-tool":"cli-firebase","deployment-callable":"true","firebase-functions-hash":"c5051cfaaf798203f65e4421c54ded7fee519ce7"},"environment":"GEN_2"},"stages":[{"name":"BUILD","message":"Build in progress","state":"IN_PROGRESS","resource":"projects/1054599864025/locations/us-central1/builds/e68f5faa-5b8d-4c70-9e04-4d6bdf14aac8","resourceUri":"https://console.cloud.google.com/cloud-build/builds;region=us-central1/e68f5faa-5b8d-4c70-9e04-4d6bdf14aac8?project=1054599864025"},{"name":"SERVICE","state":"NOT_STARTED"}],"operationType":"CREATE_FUNCTION","buildName":"projects/1054599864025/locations/us-central1/builds/e68f5faa-5b8d-4c70-9e04-4d6bdf14aac8"},"done":false}
[debug] [2025-08-15T09:36:11.376Z] [create-default-us-central1-createUserAccount] Retrying task index 0
[debug] [2025-08-15T09:36:11.377Z] Checked if tokens are valid: true, expires at: 1755254056094
[debug] [2025-08-15T09:36:11.377Z] Checked if tokens are valid: true, expires at: 1755254056094
[debug] [2025-08-15T09:36:11.377Z] >>> [apiv2][query] GET https://cloudfunctions.googleapis.com/v2/projects/thefish-b79aa/locations/us-central1/operations/operation-1755250559431-63c641e16317e-7e265481-57ffa880 [none]
[debug] [2025-08-15T09:36:12.147Z] <<< [apiv2][status] GET https://cloudfunctions.googleapis.com/v2/projects/thefish-b79aa/locations/us-central1/operations/operation-1755250559431-63c641e16317e-7e265481-57ffa880 200
[debug] [2025-08-15T09:36:12.147Z] <<< [apiv2][body] GET https://cloudfunctions.googleapis.com/v2/projects/thefish-b79aa/locations/us-central1/operations/operation-1755250559431-63c641e16317e-7e265481-57ffa880 {"name":"projects/thefish-b79aa/locations/us-central1/operations/operation-1755250559431-63c641e16317e-7e265481-57ffa880","metadata":{"@type":"type.googleapis.com/google.cloud.functions.v2.OperationMetadata","createTime":"2025-08-15T09:35:59.917492267Z","target":"projects/thefish-b79aa/locations/us-central1/functions/createUserAccount","verb":"create","cancelRequested":false,"apiVersion":"v2","requestResource":{"@type":"type.googleapis.com/google.cloud.functions.v2.Function","name":"projects/thefish-b79aa/locations/us-central1/functions/createUserAccount","buildConfig":{"runtime":"nodejs22","entryPoint":"createUserAccount","source":{"storageSource":{"bucket":"gcf-v2-sources-1054599864025-us-central1","object":"createUserAccount/function-source.zip","generation":"1755250559660825"}},"environmentVariables":{"GOOGLE_NODE_RUN_SCRIPTS":""},"automaticUpdatePolicy":{}},"serviceConfig":{"service":"projects/thefish-b79aa/locations/us-central1/services/createuseraccount","timeoutSeconds":60,"environmentVariables":{"FIREBASE_CONFIG":"{\"projectId\":\"thefish-b79aa\",\"storageBucket\":\"thefish-b79aa.appspot.com\",\"locationId\":\"europe-central2\"}","GCLOUD_PROJECT":"thefish-b79aa","EVENTARC_CLOUD_EVENT_SOURCE":"projects/thefish-b79aa/locations/us-central1/services/createUserAccount","FUNCTION_TARGET":"createUserAccount","LOG_EXECUTION_ID":"true"},"ingressSettings":"ALLOW_ALL","serviceAccountEmail":"1054599864025-compute@developer.gserviceaccount.com","availableMemory":"256Mi","maxInstanceRequestConcurrency":80,"availableCpu":"1"},"labels":{"deployment-tool":"cli-firebase","deployment-callable":"true","firebase-functions-hash":"c5051cfaaf798203f65e4421c54ded7fee519ce7"},"environment":"GEN_2"},"stages":[{"name":"BUILD","message":"Build in progress","state":"IN_PROGRESS","resource":"projects/1054599864025/locations/us-central1/builds/e68f5faa-5b8d-4c70-9e04-4d6bdf14aac8","resourceUri":"https://console.cloud.google.com/cloud-build/builds;region=us-central1/e68f5faa-5b8d-4c70-9e04-4d6bdf14aac8?project=1054599864025"},{"name":"SERVICE","state":"NOT_STARTED"}],"operationType":"CREATE_FUNCTION","buildName":"projects/1054599864025/locations/us-central1/builds/e68f5faa-5b8d-4c70-9e04-4d6bdf14aac8"},"done":false}
[debug] [2025-08-15T09:36:20.148Z] [create-default-us-central1-createUserAccount] Retrying task index 0
[debug] [2025-08-15T09:36:20.149Z] Checked if tokens are valid: true, expires at: 1755254056094
[debug] [2025-08-15T09:36:20.149Z] Checked if tokens are valid: true, expires at: 1755254056094
[debug] [2025-08-15T09:36:20.149Z] >>> [apiv2][query] GET https://cloudfunctions.googleapis.com/v2/projects/thefish-b79aa/locations/us-central1/operations/operation-1755250559431-63c641e16317e-7e265481-57ffa880 [none]
[debug] [2025-08-15T09:36:20.930Z] <<< [apiv2][status] GET https://cloudfunctions.googleapis.com/v2/projects/thefish-b79aa/locations/us-central1/operations/operation-1755250559431-63c641e16317e-7e265481-57ffa880 200
[debug] [2025-08-15T09:36:20.931Z] <<< [apiv2][body] GET https://cloudfunctions.googleapis.com/v2/projects/thefish-b79aa/locations/us-central1/operations/operation-1755250559431-63c641e16317e-7e265481-57ffa880 {"name":"projects/thefish-b79aa/locations/us-central1/operations/operation-1755250559431-63c641e16317e-7e265481-57ffa880","metadata":{"@type":"type.googleapis.com/google.cloud.functions.v2.OperationMetadata","createTime":"2025-08-15T09:35:59.917492267Z","target":"projects/thefish-b79aa/locations/us-central1/functions/createUserAccount","verb":"create","cancelRequested":false,"apiVersion":"v2","requestResource":{"@type":"type.googleapis.com/google.cloud.functions.v2.Function","name":"projects/thefish-b79aa/locations/us-central1/functions/createUserAccount","buildConfig":{"runtime":"nodejs22","entryPoint":"createUserAccount","source":{"storageSource":{"bucket":"gcf-v2-sources-1054599864025-us-central1","object":"createUserAccount/function-source.zip","generation":"1755250559660825"}},"environmentVariables":{"GOOGLE_NODE_RUN_SCRIPTS":""},"automaticUpdatePolicy":{}},"serviceConfig":{"service":"projects/thefish-b79aa/locations/us-central1/services/createuseraccount","timeoutSeconds":60,"environmentVariables":{"FIREBASE_CONFIG":"{\"projectId\":\"thefish-b79aa\",\"storageBucket\":\"thefish-b79aa.appspot.com\",\"locationId\":\"europe-central2\"}","GCLOUD_PROJECT":"thefish-b79aa","EVENTARC_CLOUD_EVENT_SOURCE":"projects/thefish-b79aa/locations/us-central1/services/createUserAccount","FUNCTION_TARGET":"createUserAccount","LOG_EXECUTION_ID":"true"},"ingressSettings":"ALLOW_ALL","serviceAccountEmail":"1054599864025-compute@developer.gserviceaccount.com","availableMemory":"256Mi","maxInstanceRequestConcurrency":80,"availableCpu":"1"},"labels":{"deployment-tool":"cli-firebase","deployment-callable":"true","firebase-functions-hash":"c5051cfaaf798203f65e4421c54ded7fee519ce7"},"environment":"GEN_2"},"stages":[{"name":"BUILD","message":"Build in progress","state":"IN_PROGRESS","resource":"projects/1054599864025/locations/us-central1/builds/e68f5faa-5b8d-4c70-9e04-4d6bdf14aac8","resourceUri":"https://console.cloud.google.com/cloud-build/builds;region=us-central1/e68f5faa-5b8d-4c70-9e04-4d6bdf14aac8?project=1054599864025"},{"name":"SERVICE","state":"NOT_STARTED"}],"operationType":"CREATE_FUNCTION","buildName":"projects/1054599864025/locations/us-central1/builds/e68f5faa-5b8d-4c70-9e04-4d6bdf14aac8"},"done":false}
[debug] [2025-08-15T09:36:30.945Z] [create-default-us-central1-createUserAccount] Retrying task index 0
[debug] [2025-08-15T09:36:30.946Z] Checked if tokens are valid: true, expires at: 1755254056094
[debug] [2025-08-15T09:36:30.946Z] Checked if tokens are valid: true, expires at: 1755254056094
[debug] [2025-08-15T09:36:30.946Z] >>> [apiv2][query] GET https://cloudfunctions.googleapis.com/v2/projects/thefish-b79aa/locations/us-central1/operations/operation-1755250559431-63c641e16317e-7e265481-57ffa880 [none]
[debug] [2025-08-15T09:36:31.736Z] <<< [apiv2][status] GET https://cloudfunctions.googleapis.com/v2/projects/thefish-b79aa/locations/us-central1/operations/operation-1755250559431-63c641e16317e-7e265481-57ffa880 200
[debug] [2025-08-15T09:36:31.736Z] <<< [apiv2][body] GET https://cloudfunctions.googleapis.com/v2/projects/thefish-b79aa/locations/us-central1/operations/operation-1755250559431-63c641e16317e-7e265481-57ffa880 {"name":"projects/thefish-b79aa/locations/us-central1/operations/operation-1755250559431-63c641e16317e-7e265481-57ffa880","metadata":{"@type":"type.googleapis.com/google.cloud.functions.v2.OperationMetadata","createTime":"2025-08-15T09:35:59.917492267Z","target":"projects/thefish-b79aa/locations/us-central1/functions/createUserAccount","verb":"create","cancelRequested":false,"apiVersion":"v2","requestResource":{"@type":"type.googleapis.com/google.cloud.functions.v2.Function","name":"projects/thefish-b79aa/locations/us-central1/functions/createUserAccount","buildConfig":{"runtime":"nodejs22","entryPoint":"createUserAccount","source":{"storageSource":{"bucket":"gcf-v2-sources-1054599864025-us-central1","object":"createUserAccount/function-source.zip","generation":"1755250559660825"}},"environmentVariables":{"GOOGLE_NODE_RUN_SCRIPTS":""},"automaticUpdatePolicy":{}},"serviceConfig":{"service":"projects/thefish-b79aa/locations/us-central1/services/createuseraccount","timeoutSeconds":60,"environmentVariables":{"FIREBASE_CONFIG":"{\"projectId\":\"thefish-b79aa\",\"storageBucket\":\"thefish-b79aa.appspot.com\",\"locationId\":\"europe-central2\"}","GCLOUD_PROJECT":"thefish-b79aa","EVENTARC_CLOUD_EVENT_SOURCE":"projects/thefish-b79aa/locations/us-central1/services/createUserAccount","FUNCTION_TARGET":"createUserAccount","LOG_EXECUTION_ID":"true"},"ingressSettings":"ALLOW_ALL","serviceAccountEmail":"1054599864025-compute@developer.gserviceaccount.com","availableMemory":"256Mi","maxInstanceRequestConcurrency":80,"availableCpu":"1"},"labels":{"deployment-tool":"cli-firebase","deployment-callable":"true","firebase-functions-hash":"c5051cfaaf798203f65e4421c54ded7fee519ce7"},"environment":"GEN_2"},"stages":[{"name":"BUILD","message":"Build in progress","state":"IN_PROGRESS","resource":"projects/1054599864025/locations/us-central1/builds/e68f5faa-5b8d-4c70-9e04-4d6bdf14aac8","resourceUri":"https://console.cloud.google.com/cloud-build/builds;region=us-central1/e68f5faa-5b8d-4c70-9e04-4d6bdf14aac8?project=1054599864025"},{"name":"SERVICE","state":"NOT_STARTED"}],"operationType":"CREATE_FUNCTION","buildName":"projects/1054599864025/locations/us-central1/builds/e68f5faa-5b8d-4c70-9e04-4d6bdf14aac8"},"done":false}
[debug] [2025-08-15T09:36:41.744Z] [create-default-us-central1-createUserAccount] Retrying task index 0
[debug] [2025-08-15T09:36:41.745Z] Checked if tokens are valid: true, expires at: 1755254056094
[debug] [2025-08-15T09:36:41.745Z] Checked if tokens are valid: true, expires at: 1755254056094
[debug] [2025-08-15T09:36:41.745Z] >>> [apiv2][query] GET https://cloudfunctions.googleapis.com/v2/projects/thefish-b79aa/locations/us-central1/operations/operation-1755250559431-63c641e16317e-7e265481-57ffa880 [none]
[debug] [2025-08-15T09:36:42.522Z] <<< [apiv2][status] GET https://cloudfunctions.googleapis.com/v2/projects/thefish-b79aa/locations/us-central1/operations/operation-1755250559431-63c641e16317e-7e265481-57ffa880 200
[debug] [2025-08-15T09:36:42.522Z] <<< [apiv2][body] GET https://cloudfunctions.googleapis.com/v2/projects/thefish-b79aa/locations/us-central1/operations/operation-1755250559431-63c641e16317e-7e265481-57ffa880 {"name":"projects/thefish-b79aa/locations/us-central1/operations/operation-1755250559431-63c641e16317e-7e265481-57ffa880","metadata":{"@type":"type.googleapis.com/google.cloud.functions.v2.OperationMetadata","createTime":"2025-08-15T09:35:59.917492267Z","target":"projects/thefish-b79aa/locations/us-central1/functions/createUserAccount","verb":"create","cancelRequested":false,"apiVersion":"v2","requestResource":{"@type":"type.googleapis.com/google.cloud.functions.v2.Function","name":"projects/thefish-b79aa/locations/us-central1/functions/createUserAccount","buildConfig":{"runtime":"nodejs22","entryPoint":"createUserAccount","source":{"storageSource":{"bucket":"gcf-v2-sources-1054599864025-us-central1","object":"createUserAccount/function-source.zip","generation":"1755250559660825"}},"environmentVariables":{"GOOGLE_NODE_RUN_SCRIPTS":""},"automaticUpdatePolicy":{}},"serviceConfig":{"service":"projects/thefish-b79aa/locations/us-central1/services/createuseraccount","timeoutSeconds":60,"environmentVariables":{"FIREBASE_CONFIG":"{\"projectId\":\"thefish-b79aa\",\"storageBucket\":\"thefish-b79aa.appspot.com\",\"locationId\":\"europe-central2\"}","GCLOUD_PROJECT":"thefish-b79aa","EVENTARC_CLOUD_EVENT_SOURCE":"projects/thefish-b79aa/locations/us-central1/services/createUserAccount","FUNCTION_TARGET":"createUserAccount","LOG_EXECUTION_ID":"true"},"ingressSettings":"ALLOW_ALL","serviceAccountEmail":"1054599864025-compute@developer.gserviceaccount.com","availableMemory":"256Mi","maxInstanceRequestConcurrency":80,"availableCpu":"1"},"labels":{"deployment-tool":"cli-firebase","deployment-callable":"true","firebase-functions-hash":"c5051cfaaf798203f65e4421c54ded7fee519ce7"},"environment":"GEN_2"},"stages":[{"name":"BUILD","message":"Build in progress","state":"IN_PROGRESS","resource":"projects/1054599864025/locations/us-central1/builds/e68f5faa-5b8d-4c70-9e04-4d6bdf14aac8","resourceUri":"https://console.cloud.google.com/cloud-build/builds;region=us-central1/e68f5faa-5b8d-4c70-9e04-4d6bdf14aac8?project=1054599864025"},{"name":"SERVICE","state":"NOT_STARTED"}],"operationType":"CREATE_FUNCTION","buildName":"projects/1054599864025/locations/us-central1/builds/e68f5faa-5b8d-4c70-9e04-4d6bdf14aac8"},"done":false}
[debug] [2025-08-15T09:36:52.527Z] [create-default-us-central1-createUserAccount] Retrying task index 0
[debug] [2025-08-15T09:36:52.529Z] Checked if tokens are valid: true, expires at: 1755254056094
[debug] [2025-08-15T09:36:52.529Z] Checked if tokens are valid: true, expires at: 1755254056094
[debug] [2025-08-15T09:36:52.529Z] >>> [apiv2][query] GET https://cloudfunctions.googleapis.com/v2/projects/thefish-b79aa/locations/us-central1/operations/operation-1755250559431-63c641e16317e-7e265481-57ffa880 [none]
[debug] [2025-08-15T09:36:53.361Z] <<< [apiv2][status] GET https://cloudfunctions.googleapis.com/v2/projects/thefish-b79aa/locations/us-central1/operations/operation-1755250559431-63c641e16317e-7e265481-57ffa880 200
[debug] [2025-08-15T09:36:53.361Z] <<< [apiv2][body] GET https://cloudfunctions.googleapis.com/v2/projects/thefish-b79aa/locations/us-central1/operations/operation-1755250559431-63c641e16317e-7e265481-57ffa880 {"name":"projects/thefish-b79aa/locations/us-central1/operations/operation-1755250559431-63c641e16317e-7e265481-57ffa880","metadata":{"@type":"type.googleapis.com/google.cloud.functions.v2.OperationMetadata","createTime":"2025-08-15T09:35:59.917492267Z","target":"projects/thefish-b79aa/locations/us-central1/functions/createUserAccount","verb":"create","cancelRequested":false,"apiVersion":"v2","requestResource":{"@type":"type.googleapis.com/google.cloud.functions.v2.Function","name":"projects/thefish-b79aa/locations/us-central1/functions/createUserAccount","buildConfig":{"runtime":"nodejs22","entryPoint":"createUserAccount","source":{"storageSource":{"bucket":"gcf-v2-sources-1054599864025-us-central1","object":"createUserAccount/function-source.zip","generation":"1755250559660825"}},"environmentVariables":{"GOOGLE_NODE_RUN_SCRIPTS":""},"automaticUpdatePolicy":{}},"serviceConfig":{"service":"projects/thefish-b79aa/locations/us-central1/services/createuseraccount","timeoutSeconds":60,"environmentVariables":{"FIREBASE_CONFIG":"{\"projectId\":\"thefish-b79aa\",\"storageBucket\":\"thefish-b79aa.appspot.com\",\"locationId\":\"europe-central2\"}","GCLOUD_PROJECT":"thefish-b79aa","EVENTARC_CLOUD_EVENT_SOURCE":"projects/thefish-b79aa/locations/us-central1/services/createUserAccount","FUNCTION_TARGET":"createUserAccount","LOG_EXECUTION_ID":"true"},"ingressSettings":"ALLOW_ALL","serviceAccountEmail":"1054599864025-compute@developer.gserviceaccount.com","availableMemory":"256Mi","maxInstanceRequestConcurrency":80,"availableCpu":"1"},"labels":{"deployment-tool":"cli-firebase","deployment-callable":"true","firebase-functions-hash":"c5051cfaaf798203f65e4421c54ded7fee519ce7"},"environment":"GEN_2"},"stages":[{"name":"BUILD","message":"Build in progress","state":"IN_PROGRESS","resource":"projects/1054599864025/locations/us-central1/builds/e68f5faa-5b8d-4c70-9e04-4d6bdf14aac8","resourceUri":"https://console.cloud.google.com/cloud-build/builds;region=us-central1/e68f5faa-5b8d-4c70-9e04-4d6bdf14aac8?project=1054599864025"},{"name":"SERVICE","state":"NOT_STARTED"}],"operationType":"CREATE_FUNCTION","buildName":"projects/1054599864025/locations/us-central1/builds/e68f5faa-5b8d-4c70-9e04-4d6bdf14aac8"},"done":false}
[debug] [2025-08-15T09:37:03.369Z] [create-default-us-central1-createUserAccount] Retrying task index 0
[debug] [2025-08-15T09:37:03.369Z] Checked if tokens are valid: true, expires at: 1755254056094
[debug] [2025-08-15T09:37:03.370Z] Checked if tokens are valid: true, expires at: 1755254056094
[debug] [2025-08-15T09:37:03.370Z] >>> [apiv2][query] GET https://cloudfunctions.googleapis.com/v2/projects/thefish-b79aa/locations/us-central1/operations/operation-1755250559431-63c641e16317e-7e265481-57ffa880 [none]
[debug] [2025-08-15T09:37:04.176Z] <<< [apiv2][status] GET https://cloudfunctions.googleapis.com/v2/projects/thefish-b79aa/locations/us-central1/operations/operation-1755250559431-63c641e16317e-7e265481-57ffa880 200
[debug] [2025-08-15T09:37:04.176Z] <<< [apiv2][body] GET https://cloudfunctions.googleapis.com/v2/projects/thefish-b79aa/locations/us-central1/operations/operation-1755250559431-63c641e16317e-7e265481-57ffa880 {"name":"projects/thefish-b79aa/locations/us-central1/operations/operation-1755250559431-63c641e16317e-7e265481-57ffa880","metadata":{"@type":"type.googleapis.com/google.cloud.functions.v2.OperationMetadata","createTime":"2025-08-15T09:35:59.917492267Z","target":"projects/thefish-b79aa/locations/us-central1/functions/createUserAccount","verb":"create","cancelRequested":false,"apiVersion":"v2","requestResource":{"@type":"type.googleapis.com/google.cloud.functions.v2.Function","name":"projects/thefish-b79aa/locations/us-central1/functions/createUserAccount","buildConfig":{"runtime":"nodejs22","entryPoint":"createUserAccount","source":{"storageSource":{"bucket":"gcf-v2-sources-1054599864025-us-central1","object":"createUserAccount/function-source.zip","generation":"1755250559660825"}},"environmentVariables":{"GOOGLE_NODE_RUN_SCRIPTS":""},"automaticUpdatePolicy":{}},"serviceConfig":{"service":"projects/thefish-b79aa/locations/us-central1/services/createuseraccount","timeoutSeconds":60,"environmentVariables":{"FIREBASE_CONFIG":"{\"projectId\":\"thefish-b79aa\",\"storageBucket\":\"thefish-b79aa.appspot.com\",\"locationId\":\"europe-central2\"}","GCLOUD_PROJECT":"thefish-b79aa","EVENTARC_CLOUD_EVENT_SOURCE":"projects/thefish-b79aa/locations/us-central1/services/createUserAccount","FUNCTION_TARGET":"createUserAccount","LOG_EXECUTION_ID":"true"},"ingressSettings":"ALLOW_ALL","serviceAccountEmail":"1054599864025-compute@developer.gserviceaccount.com","availableMemory":"256Mi","maxInstanceRequestConcurrency":80,"availableCpu":"1"},"labels":{"deployment-tool":"cli-firebase","deployment-callable":"true","firebase-functions-hash":"c5051cfaaf798203f65e4421c54ded7fee519ce7"},"environment":"GEN_2"},"stages":[{"name":"BUILD","message":"Build finished","state":"COMPLETE","resource":"projects/1054599864025/locations/us-central1/builds/e68f5faa-5b8d-4c70-9e04-4d6bdf14aac8","resourceUri":"https://console.cloud.google.com/cloud-build/builds;region=us-central1/e68f5faa-5b8d-4c70-9e04-4d6bdf14aac8?project=1054599864025"},{"name":"SERVICE","message":"Creating Cloud Run service","state":"IN_PROGRESS","resource":"projects/thefish-b79aa/locations/us-central1/services/createuseraccount","resourceUri":"https://console.cloud.google.com/run/detail/us-central1/createuseraccount?project=thefish-b79aa"}],"sourceToken":"Clhwcm9qZWN0cy8xMDU0NTk5ODY0MDI1L2xvY2F0aW9ucy91cy1jZW50cmFsMS9idWlsZHMvZTY4ZjVmYWEtNWI4ZC00YzcwLTllMDQtNGQ2YmRmMTRhYWM4EnJ1cy1jZW50cmFsMS1kb2NrZXIucGtnLmRldi90aGVmaXNoLWI3OWFhL2djZi1hcnRpZmFjdHMvdGhlZmlzaC0tYjc5YWFfX3VzLS1jZW50cmFsMV9fY3JlYXRlX3VzZXJfYWNjb3VudDp2ZXJzaW9uXzEY2b2z2NgeIkhwcm9qZWN0cy90aGVmaXNoLWI3OWFhL2xvY2F0aW9ucy91cy1jZW50cmFsMS9mdW5jdGlvbnMvY3JlYXRlVXNlckFjY291bnQqCwi+//vEBhDIlOURMghub2RlanMyMjp2CiNnY3IuaW8vZ2FlLXJ1bnRpbWVzL25vZGVqczIyOnN0YWJsZRJPdXMtY2VudHJhbDEtZG9ja2VyLnBrZy5kZXYvc2VydmVybGVzcy1ydW50aW1lcy9nb29nbGUtMjItZnVsbC9ydW50aW1lcy9ub2RlanMyMkAB","operationType":"CREATE_FUNCTION","buildName":"projects/1054599864025/locations/us-central1/builds/e68f5faa-5b8d-4c70-9e04-4d6bdf14aac8"},"done":false}
[debug] [2025-08-15T09:37:04.176Z] Got source token Clhwcm9qZWN0cy8xMDU0NTk5ODY0MDI1L2xvY2F0aW9ucy91cy1jZW50cmFsMS9idWlsZHMvZTY4ZjVmYWEtNWI4ZC00YzcwLTllMDQtNGQ2YmRmMTRhYWM4EnJ1cy1jZW50cmFsMS1kb2NrZXIucGtnLmRldi90aGVmaXNoLWI3OWFhL2djZi1hcnRpZmFjdHMvdGhlZmlzaC0tYjc5YWFfX3VzLS1jZW50cmFsMV9fY3JlYXRlX3VzZXJfYWNjb3VudDp2ZXJzaW9uXzEY2b2z2NgeIkhwcm9qZWN0cy90aGVmaXNoLWI3OWFhL2xvY2F0aW9ucy91cy1jZW50cmFsMS9mdW5jdGlvbnMvY3JlYXRlVXNlckFjY291bnQqCwi+//vEBhDIlOURMghub2RlanMyMjp2CiNnY3IuaW8vZ2FlLXJ1bnRpbWVzL25vZGVqczIyOnN0YWJsZRJPdXMtY2VudHJhbDEtZG9ja2VyLnBrZy5kZXYvc2VydmVybGVzcy1ydW50aW1lcy9nb29nbGUtMjItZnVsbC9ydW50aW1lcy9ub2RlanMyMkAB for region us-central1
[debug] [2025-08-15T09:37:14.188Z] [create-default-us-central1-createUserAccount] Retrying task index 0
[debug] [2025-08-15T09:37:14.189Z] Checked if tokens are valid: true, expires at: 1755254056094
[debug] [2025-08-15T09:37:14.189Z] Checked if tokens are valid: true, expires at: 1755254056094
[debug] [2025-08-15T09:37:14.189Z] >>> [apiv2][query] GET https://cloudfunctions.googleapis.com/v2/projects/thefish-b79aa/locations/us-central1/operations/operation-1755250559431-63c641e16317e-7e265481-57ffa880 [none]
[debug] [2025-08-15T09:37:14.965Z] <<< [apiv2][status] GET https://cloudfunctions.googleapis.com/v2/projects/thefish-b79aa/locations/us-central1/operations/operation-1755250559431-63c641e16317e-7e265481-57ffa880 200
[debug] [2025-08-15T09:37:14.965Z] <<< [apiv2][body] GET https://cloudfunctions.googleapis.com/v2/projects/thefish-b79aa/locations/us-central1/operations/operation-1755250559431-63c641e16317e-7e265481-57ffa880 {"name":"projects/thefish-b79aa/locations/us-central1/operations/operation-1755250559431-63c641e16317e-7e265481-57ffa880","metadata":{"@type":"type.googleapis.com/google.cloud.functions.v2.OperationMetadata","createTime":"2025-08-15T09:35:59.917492267Z","endTime":"2025-08-15T09:37:11.396234309Z","target":"projects/thefish-b79aa/locations/us-central1/functions/createUserAccount","verb":"create","cancelRequested":false,"apiVersion":"v2","requestResource":{"@type":"type.googleapis.com/google.cloud.functions.v2.Function","name":"projects/thefish-b79aa/locations/us-central1/functions/createUserAccount","buildConfig":{"runtime":"nodejs22","entryPoint":"createUserAccount","source":{"storageSource":{"bucket":"gcf-v2-sources-1054599864025-us-central1","object":"createUserAccount/function-source.zip","generation":"1755250559660825"}},"environmentVariables":{"GOOGLE_NODE_RUN_SCRIPTS":""},"automaticUpdatePolicy":{}},"serviceConfig":{"service":"projects/thefish-b79aa/locations/us-central1/services/createuseraccount","timeoutSeconds":60,"environmentVariables":{"FIREBASE_CONFIG":"{\"projectId\":\"thefish-b79aa\",\"storageBucket\":\"thefish-b79aa.appspot.com\",\"locationId\":\"europe-central2\"}","GCLOUD_PROJECT":"thefish-b79aa","EVENTARC_CLOUD_EVENT_SOURCE":"projects/thefish-b79aa/locations/us-central1/services/createUserAccount","FUNCTION_TARGET":"createUserAccount","LOG_EXECUTION_ID":"true"},"ingressSettings":"ALLOW_ALL","serviceAccountEmail":"1054599864025-compute@developer.gserviceaccount.com","availableMemory":"256Mi","maxInstanceRequestConcurrency":80,"availableCpu":"1"},"labels":{"deployment-tool":"cli-firebase","deployment-callable":"true","firebase-functions-hash":"c5051cfaaf798203f65e4421c54ded7fee519ce7"},"environment":"GEN_2"},"stages":[{"name":"BUILD","message":"Build finished","state":"COMPLETE","resource":"projects/1054599864025/locations/us-central1/builds/e68f5faa-5b8d-4c70-9e04-4d6bdf14aac8","resourceUri":"https://console.cloud.google.com/cloud-build/builds;region=us-central1/e68f5faa-5b8d-4c70-9e04-4d6bdf14aac8?project=1054599864025"},{"name":"SERVICE","message":"Creating Cloud Run service","state":"COMPLETE","resource":"projects/thefish-b79aa/locations/us-central1/services/createuseraccount","resourceUri":"https://console.cloud.google.com/run/detail/us-central1/createuseraccount?project=thefish-b79aa"}],"sourceToken":"Clhwcm9qZWN0cy8xMDU0NTk5ODY0MDI1L2xvY2F0aW9ucy91cy1jZW50cmFsMS9idWlsZHMvZTY4ZjVmYWEtNWI4ZC00YzcwLTllMDQtNGQ2YmRmMTRhYWM4EnJ1cy1jZW50cmFsMS1kb2NrZXIucGtnLmRldi90aGVmaXNoLWI3OWFhL2djZi1hcnRpZmFjdHMvdGhlZmlzaC0tYjc5YWFfX3VzLS1jZW50cmFsMV9fY3JlYXRlX3VzZXJfYWNjb3VudDp2ZXJzaW9uXzEY2b2z2NgeIkhwcm9qZWN0cy90aGVmaXNoLWI3OWFhL2xvY2F0aW9ucy91cy1jZW50cmFsMS9mdW5jdGlvbnMvY3JlYXRlVXNlckFjY291bnQqCwi+//vEBhDIlOURMghub2RlanMyMjp2CiNnY3IuaW8vZ2FlLXJ1bnRpbWVzL25vZGVqczIyOnN0YWJsZRJPdXMtY2VudHJhbDEtZG9ja2VyLnBrZy5kZXYvc2VydmVybGVzcy1ydW50aW1lcy9nb29nbGUtMjItZnVsbC9ydW50aW1lcy9ub2RlanMyMkAB","operationType":"CREATE_FUNCTION","buildName":"projects/1054599864025/locations/us-central1/builds/e68f5faa-5b8d-4c70-9e04-4d6bdf14aac8"},"done":true,"response":{"@type":"type.googleapis.com/google.cloud.functions.v2.Function","name":"projects/thefish-b79aa/locations/us-central1/functions/createUserAccount","buildConfig":{"build":"projects/1054599864025/locations/us-central1/builds/e68f5faa-5b8d-4c70-9e04-4d6bdf14aac8","runtime":"nodejs22","entryPoint":"createUserAccount","source":{"storageSource":{"bucket":"gcf-v2-sources-1054599864025-us-central1","object":"createUserAccount/function-source.zip","generation":"1755250559660825"}},"environmentVariables":{"GOOGLE_NODE_RUN_SCRIPTS":""},"dockerRepository":"projects/thefish-b79aa/locations/us-central1/repositories/gcf-artifacts","sourceProvenance":{"resolvedStorageSource":{"bucket":"gcf-v2-sources-1054599864025-us-central1","object":"createUserAccount/function-source.zip","generation":"1755250559660825"}},"dockerRegistry":"ARTIFACT_REGISTRY","automaticUpdatePolicy":{}},"serviceConfig":{"service":"projects/thefish-b79aa/locations/us-central1/services/createuseraccount","timeoutSeconds":60,"environmentVariables":{"FIREBASE_CONFIG":"{\"projectId\":\"thefish-b79aa\",\"storageBucket\":\"thefish-b79aa.appspot.com\",\"locationId\":\"europe-central2\"}","GCLOUD_PROJECT":"thefish-b79aa","EVENTARC_CLOUD_EVENT_SOURCE":"projects/thefish-b79aa/locations/us-central1/services/createUserAccount","FUNCTION_TARGET":"createUserAccount","LOG_EXECUTION_ID":"true"},"maxInstanceCount":20,"ingressSettings":"ALLOW_ALL","uri":"https://createuseraccount-3hj7xbpfga-uc.a.run.app","serviceAccountEmail":"1054599864025-compute@developer.gserviceaccount.com","availableMemory":"256Mi","allTrafficOnLatestRevision":true,"revision":"createuseraccount-00001-cic","maxInstanceRequestConcurrency":80,"availableCpu":"1"},"state":"ACTIVE","updateTime":"2025-08-15T09:35:59.911631895Z","labels":{"deployment-tool":"cli-firebase","deployment-callable":"true","firebase-functions-hash":"c5051cfaaf798203f65e4421c54ded7fee519ce7"},"environment":"GEN_2","url":"https://us-central1-thefish-b79aa.cloudfunctions.net/createUserAccount","createTime":"2025-08-15T09:35:59.911631895Z","satisfiesPzi":true}}
[debug] [2025-08-15T09:37:14.965Z] Got source token Clhwcm9qZWN0cy8xMDU0NTk5ODY0MDI1L2xvY2F0aW9ucy91cy1jZW50cmFsMS9idWlsZHMvZTY4ZjVmYWEtNWI4ZC00YzcwLTllMDQtNGQ2YmRmMTRhYWM4EnJ1cy1jZW50cmFsMS1kb2NrZXIucGtnLmRldi90aGVmaXNoLWI3OWFhL2djZi1hcnRpZmFjdHMvdGhlZmlzaC0tYjc5YWFfX3VzLS1jZW50cmFsMV9fY3JlYXRlX3VzZXJfYWNjb3VudDp2ZXJzaW9uXzEY2b2z2NgeIkhwcm9qZWN0cy90aGVmaXNoLWI3OWFhL2xvY2F0aW9ucy91cy1jZW50cmFsMS9mdW5jdGlvbnMvY3JlYXRlVXNlckFjY291bnQqCwi+//vEBhDIlOURMghub2RlanMyMjp2CiNnY3IuaW8vZ2FlLXJ1bnRpbWVzL25vZGVqczIyOnN0YWJsZRJPdXMtY2VudHJhbDEtZG9ja2VyLnBrZy5kZXYvc2VydmVybGVzcy1ydW50aW1lcy9nb29nbGUtMjItZnVsbC9ydW50aW1lcy9ub2RlanMyMkAB for region us-central1
[debug] [2025-08-15T09:37:14.967Z] Checked if tokens are valid: true, expires at: 1755254056094
[debug] [2025-08-15T09:37:14.967Z] Checked if tokens are valid: true, expires at: 1755254056094
[debug] [2025-08-15T09:37:14.968Z] >>> [apiv2][query] POST https://run.googleapis.com/v1/projects/thefish-b79aa/locations/us-central1/services/createuseraccount:setIamPolicy [none]
[debug] [2025-08-15T09:37:14.968Z] >>> [apiv2][body] POST https://run.googleapis.com/v1/projects/thefish-b79aa/locations/us-central1/services/createuseraccount:setIamPolicy {"policy":{"bindings":[{"role":"roles/run.invoker","members":["allUsers"]}],"etag":"","version":3},"updateMask":"bindings,etag,version"}
[debug] [2025-08-15T09:37:15.967Z] <<< [apiv2][status] POST https://run.googleapis.com/v1/projects/thefish-b79aa/locations/us-central1/services/createuseraccount:setIamPolicy 403
[debug] [2025-08-15T09:37:15.967Z] <<< [apiv2][body] POST https://run.googleapis.com/v1/projects/thefish-b79aa/locations/us-central1/services/createuseraccount:setIamPolicy {"error":{"code":403,"message":"Permission 'run.services.setIamPolicy' denied on resource 'projects/thefish-b79aa/locations/us-central1/services/createuseraccount' (or resource may not exist).","status":"PERMISSION_DENIED"}}
[error] Failed to set the IAM Policy on the Service projects/thefish-b79aa/locations/us-central1/services/createuseraccount
[debug] [2025-08-15T09:37:15.973Z] Total Function Deployment time: 76216
[debug] [2025-08-15T09:37:15.973Z] 1 Functions Deployed
[debug] [2025-08-15T09:37:15.974Z] 1 Functions Errored
[debug] [2025-08-15T09:37:15.974Z] 0 Function Deployments Aborted
[debug] [2025-08-15T09:37:15.974Z] Average Function Deployment time: 76216
[info] 
[info] Functions deploy had errors with the following functions:
	createUserAccount(us-central1)
[info] 
[info] Unable to set the invoker for the IAM policy on the following functions:
	createUserAccount(us-central1)
[info] 
[info] Some common causes of this:
[info] 
[info] - You may not have the roles/functions.admin IAM role. Note that roles/functions.developer does not allow you to change IAM policies.
[info] 
[info] - An organization policy that restricts Network Access on your project.
[debug] [2025-08-15T09:37:15.978Z] Checked if tokens are valid: true, expires at: 1755254056094
[debug] [2025-08-15T09:37:15.978Z] Checked if tokens are valid: true, expires at: 1755254056094
[debug] [2025-08-15T09:37:15.978Z] >>> [apiv2][query] GET https://artifactregistry.googleapis.com/v1/projects/thefish-b79aa/locations/us-central1/repositories/gcf-artifacts [none]
[debug] [2025-08-15T09:37:16.821Z] <<< [apiv2][status] GET https://artifactregistry.googleapis.com/v1/projects/thefish-b79aa/locations/us-central1/repositories/gcf-artifacts 200
[debug] [2025-08-15T09:37:16.821Z] <<< [apiv2][body] GET https://artifactregistry.googleapis.com/v1/projects/thefish-b79aa/locations/us-central1/repositories/gcf-artifacts {"name":"projects/thefish-b79aa/locations/us-central1/repositories/gcf-artifacts","format":"DOCKER","description":"This repository is created and used by Cloud Functions for storing function docker images.","labels":{"goog-managed-by":"cloudfunctions"},"createTime":"2023-06-28T14:45:16.280305Z","updateTime":"2025-08-15T09:36:58.246280Z","mode":"STANDARD_REPOSITORY","cleanupPolicies":{"firebase-functions-cleanup":{"id":"firebase-functions-cleanup","action":"DELETE","condition":{"tagState":"ANY","olderThan":"86400s"}}},"sizeBytes":"361106089","vulnerabilityScanningConfig":{"enablementState":"SCANNING_DISABLED","enablementStateReason":"API containerscanning.googleapis.com is not enabled."},"satisfiesPzi":true,"registryUri":"us-central1-docker.pkg.dev/thefish-b79aa/gcf-artifacts"}
[debug] [2025-08-15T09:37:16.822Z] Functions deploy failed.
[debug] [2025-08-15T09:37:16.822Z] {
  "endpoint": {
    "id": "createUserAccount",
    "project": "thefish-b79aa",
    "region": "us-central1",
    "entryPoint": "createUserAccount",
    "platform": "gcfv2",
    "runtime": "nodejs22",
    "callableTrigger": {},
    "labels": {
      "deployment-tool": "cli-firebase"
    },
    "serviceAccount": null,
    "ingressSettings": null,
    "availableMemoryMb": null,
    "timeoutSeconds": null,
    "maxInstances": null,
    "minInstances": null,
    "concurrency": 80,
    "vpc": null,
    "environmentVariables": {
      "FIREBASE_CONFIG": "{\"projectId\":\"thefish-b79aa\",\"storageBucket\":\"thefish-b79aa.appspot.com\",\"locationId\":\"europe-central2\"}",
      "GCLOUD_PROJECT": "thefish-b79aa",
      "EVENTARC_CLOUD_EVENT_SOURCE": "projects/thefish-b79aa/locations/us-central1/services/createUserAccount"
    },
    "codebase": "default",
    "cpu": 1,
    "targetedByOnly": false,
    "hash": "c5051cfaaf798203f65e4421c54ded7fee519ce7",
    "uri": "https://us-central1-thefish-b79aa.cloudfunctions.net/createUserAccount",
    "runServiceId": "createuseraccount"
  },
  "op": "set invoker",
  "original": {
    "name": "FirebaseError",
    "children": [],
    "exit": 1,
    "message": "Failed to set the IAM Policy on the Service projects/thefish-b79aa/locations/us-central1/services/createuseraccount",
    "original": {
      "name": "FirebaseError",
      "children": [],
      "context": {
        "body": {
          "error": {
            "code": 403,
            "message": "Permission 'run.services.setIamPolicy' denied on resource 'projects/thefish-b79aa/locations/us-central1/services/createuseraccount' (or resource may not exist).",
            "status": "PERMISSION_DENIED"
          }
        },
        "response": {
          "statusCode": 403
        }
      },
      "exit": 1,
      "message": "Request to https://run.googleapis.com/v1/projects/thefish-b79aa/locations/us-central1/services/createuseraccount:setIamPolicy had HTTP Error: 403, Permission 'run.services.setIamPolicy' denied on resource 'projects/thefish-b79aa/locations/us-central1/services/createuseraccount' (or resource may not exist).",
      "status": 403
    },
    "status": 403,
    "code": 403
  }
}
[debug] [2025-08-15T09:37:16.827Z] Error: Failed to set invoker function createUserAccount in region us-central1
    at C:\Users\lapie\AppData\Roaming\npm\node_modules\firebase-tools\lib\deploy\functions\release\fabricator.js:52:11
    at process.processTicksAndRejections (node:internal/process/task_queues:105:5)
    at async Fabricator.createV2Function (C:\Users\lapie\AppData\Roaming\npm\node_modules\firebase-tools\lib\deploy\functions\release\fabricator.js:315:13)
    at async Fabricator.createEndpoint (C:\Users\lapie\AppData\Roaming\npm\node_modules\firebase-tools\lib\deploy\functions\release\fabricator.js:137:13)
    at async handle (C:\Users\lapie\AppData\Roaming\npm\node_modules\firebase-tools\lib\deploy\functions\release\fabricator.js:89:17)
[error] 
[error] Error: There was an error deploying functions
